[ May 21 2016 10:58:05 ] [var/ezdemo_site/cache/trans/g-urlalias-1350215278-utf-8.ctt.php]
[ May 21 2016 10:58:16 ] [/var/www/manager2/ezpublish_legacy/lib/ezutils/classes/../../../var/cache/ini/site-9cb0e9631ed265dd09f7291efc783195.php]
[ May 21 2016 10:58:17 ] [/var/www/manager2/ezpublish_legacy/lib/ezutils/classes/../../../var/cache/ini/site-9cb0e9631ed265dd09f7291efc783195.php]
[ May 21 2016 10:58:20 ] [/var/www/manager2/ezpublish_legacy/lib/ezutils/classes/../../../var/cache/ini/site-9cb0e9631ed265dd09f7291efc783195.php]
[ May 21 2016 10:58:24 ] [/var/www/manager2/ezpublish_legacy/lib/ezutils/classes/../../../var/cache/ini/country-d0b25fd0e88aef257fad3f5e3f576259.php]
[ May 21 2016 10:58:25 ] [/var/www/manager2/ezpublish_legacy/lib/ezutils/classes/../../../var/cache/ini/shop-d041d1de3cfcb800029732603d1289cf.php]
[ May 21 2016 10:58:39 ] [var/ezdemo_site/cache/trans/g-lowercase-635518252-utf-8.ctt.php]
[ May 21 2016 10:58:40 ] [/var/www/manager2/ezpublish_legacy/lib/ezutils/classes/../../../var/cache/ini/browse-9cad36798ff46a9c3346eec5e86012ad.php]
[ May 21 2016 10:58:40 ] [var/ezdemo_site/cache/classattributeidentifiers_8df5127cd164b5bc2d2b78410a7eea0c.php]
[ May 21 2016 10:58:41 ] [var/ezdemo_site/cache/trans/g-urlalias_compat-289587731-utf-8.ctt.php]
[ May 21 2016 10:58:41 ] [/var/www/manager2/ezpublish_legacy/lib/ezutils/classes/../../../var/cache/ini/viewcache-27fc14fff52493a580b0885d7a777cb2.php]
[ May 21 2016 10:58:41 ] [var/ezdemo_site/cache/trans/g-search-1924056142-utf-8.ctt.php]
[ May 21 2016 10:58:41 ] [/var/www/manager2/ezpublish_legacy/lib/ezutils/classes/../../../var/cache/ini/notification-ed0e63692e00f7615235c74ecdcaee35.php]
[ May 21 2016 10:58:41 ] [/var/www/manager2/ezpublish_legacy/lib/ezutils/classes/../../../var/cache/ini/ezxml-8d5968497d0d06db4b5e462d0b415082.php]
[ May 21 2016 10:58:42 ] [/var/www/manager2/ezpublish_legacy/lib/ezutils/classes/../../../var/cache/ini/mime-a915a6fa8eec8f1145405a0326aeabda.php]
[ May 21 2016 10:58:51 ] [/var/www/manager2/ezpublish_legacy/lib/ezutils/classes/../../../var/cache/ini/audit-bcb0f5f1caf0dd0fb42800441732b485.php]
[ May 21 2016 10:58:58 ] [/var/www/manager2/ezpublish_legacy/lib/ezutils/classes/../../../var/cache/ini/binaryfile-9b2905fedcf74af94e9302521d984d0e.php]
[ May 21 2016 10:59:03 ] [/var/www/manager2/ezpublish_legacy/lib/ezutils/classes/../../../var/cache/ini/toolbar-640b0c83b6b4f2e4625f3cecc72d4c14.php]
[ May 21 2016 10:59:04 ] [/var/www/manager2/ezpublish_legacy/lib/ezutils/classes/../../../var/cache/ini/contentstructuremenu-35dc8acffa58c013fcd7c4eb7908b036.php]
[ May 21 2016 10:59:05 ] [/var/www/manager2/ezpublish_legacy/lib/ezutils/classes/../../../var/cache/ini/icon-f6f9d972d331f69e3dedae89d5539191.php]
[ May 21 2016 10:59:07 ] [var/ezdemo_site/cache/classidentifiers_8df5127cd164b5bc2d2b78410a7eea0c.php]
[ May 21 2016 10:59:07 ] [var/ezdemo_site/cache/classattributeidentifiers_8df5127cd164b5bc2d2b78410a7eea0c.php]
[ May 21 2016 10:59:07 ] [/var/www/manager2/ezpublish_legacy/lib/ezutils/classes/../../../var/cache/ini/workflow-bbdaa9d448c9363def9a30b9af63440d.php]
[ May 21 2016 10:59:08 ] [/var/www/manager2/ezpublish_legacy/lib/ezutils/classes/../../../var/cache/ini/paymentgateways-6783c224887b73ddeb325fed92dd715b.php]
[ May 21 2016 10:59:08 ] [var/ezdemo_site/cache/classattributeidentifiers_8df5127cd164b5bc2d2b78410a7eea0c.php]
[ May 21 2016 10:59:08 ] [/var/www/manager2/ezpublish_legacy/lib/ezutils/classes/../../../var/cache/ini/site-c2189db424df1a4d7b83110dcb5be008.php]
[ May 21 2016 10:59:08 ] [/var/www/manager2/ezpublish_legacy/lib/ezutils/classes/../../../var/cache/ini/override-3aef7736b836fa16dedcbcf313e4ab3b.php]
[ May 21 2016 10:59:08 ] [/var/www/manager2/ezpublish_legacy/lib/ezutils/classes/../../../var/cache/ini/override-5a75b176bf0b67348b4db11112570ea3.php]
[ May 21 2016 10:59:08 ] [/var/www/manager2/ezpublish_legacy/lib/ezutils/classes/../../../var/cache/ini/override-6a4ee1142b5cb3da522501e92d4eff91.php]
[ May 21 2016 10:59:08 ] [/var/www/manager2/ezpublish_legacy/lib/ezutils/classes/../../../var/cache/ini/texttoimage-7d6660b3fd7317be294468d23cb049f7.php]
[ May 21 2016 10:59:08 ] [/var/www/manager2/ezpublish_legacy/lib/ezutils/classes/../../../var/cache/ini/layout-b5db9a3c69e09c4bd651d71fb240bbdb.php]
[ May 21 2016 10:59:08 ] [var/cache//active_extensions_6b075d2427b96c2a4179231e3003c583.php]
[ May 21 2016 10:59:08 ] [/var/www/manager2/ezpublish_legacy/lib/ezutils/classes/../../../var/cache/ini/override-b273bc2282a1ed186eaf2a34466f24b0.php]
[ May 21 2016 10:59:08 ] [/var/www/manager2/ezpublish_legacy/lib/ezutils/classes/../../../var/cache/ini/design-569b67ba45ba5f7f63a16bfbd593a298.php]
[ May 21 2016 10:59:09 ] [var/ezdemo_site/cache/override/override_8e90b0d63025faec1ef0ecd38da41be2.php]
[ May 21 2016 10:59:09 ] [/var/www/manager2/ezpublish_legacy/lib/ezutils/classes/../../../var/cache/ini/menu-0f719c2f807694b5d9b3eb82ea307757.php]
[ May 21 2016 10:59:23 ] [/var/www/manager2/ezpublish_legacy/lib/ezutils/classes/../../../var/cache/ini/site-c1623af31c16fc3ffee5a05097e95dd6.php]
[ May 21 2016 10:59:23 ] [/var/www/manager2/ezpublish_legacy/lib/ezutils/classes/../../../var/cache/ini/i18n-678d2accc237fa9079b9b3abc491748f.php]
[ May 21 2016 10:59:23 ] [/var/www/manager2/ezpublish_legacy/lib/ezutils/classes/../../../var/cache/ini/i18n-f7061ade0fe840d15a8c81f654b48eb1.php]
[ May 21 2016 10:59:23 ] [/var/www/manager2/ezpublish_legacy/lib/ezutils/classes/../../../var/cache/ini/file-33c0d0b2750379ea6bbc0a7c3b47cab4.php]
[ May 21 2016 10:59:23 ] [/var/www/manager2/ezpublish_legacy/lib/ezutils/classes/../../../var/cache/ini/debug-30b58d57277a91a861853a35747eb10e.php]
[ May 21 2016 10:59:23 ] [/var/www/manager2/ezpublish_legacy/lib/ezutils/classes/../../../var/cache/ini/site-6cd0c19565d36f6d4dfbedabb183687e.php]
[ May 21 2016 10:59:23 ] [/var/www/manager2/ezpublish_legacy/lib/ezutils/classes/../../../var/cache/ini/template-ddce10eebf568ab11a14457012b2c490.php]
[ May 21 2016 10:59:23 ] [/var/www/manager2/ezpublish_legacy/lib/ezutils/classes/../../../var/cache/ini/site-aa644dfff1560aa80d4d412910c0ed43.php]
[ May 21 2016 10:59:23 ] [/var/www/manager2/ezpublish_legacy/lib/ezutils/classes/../../../var/cache/ini/module-28745fb2b6c0d0bf3290d8265f36bdd1.php]
[ May 21 2016 10:59:23 ] [/var/www/manager2/ezpublish_legacy/lib/ezutils/classes/../../../var/cache/ini/debug-45e0d1b4407e3369540bf5cfad7d1c1e.php]
[ May 21 2016 10:59:23 ] [/var/www/manager2/ezpublish_legacy/lib/ezutils/classes/../../../var/cache/ini/fre-FR-3f1c877a51f584d4089ef55cf9599693.php]
[ May 21 2016 10:59:23 ] [/var/www/manager2/ezpublish_legacy/lib/ezutils/classes/../../../var/cache/ini/template-2c95f9da332a1304acf81295bd844782.php]
[ May 21 2016 10:59:23 ] [/var/www/manager2/ezpublish_legacy/lib/ezutils/classes/../../../var/cache/ini/file-753e4e74da895ebc420d2b974be774a1.php]
[ May 21 2016 10:59:23 ] [var/ezdemo_site/cache/statelimitations_8df5127cd164b5bc2d2b78410a7eea0c.php]
[ May 21 2016 10:59:24 ] [/var/www/manager2/ezpublish_legacy/lib/ezutils/classes/../../../var/cache/ini/i18n-75a34ed965cd2c41c3f0a6a47639efc0.php]
[ May 21 2016 10:59:24 ] [var/ezdemo_site/cache/translation/116c467d302d69cc1951896fc44b1880/fre-FR/c289b3ed89e7dee8a3a352a77b308232.php]
[ May 21 2016 10:59:24 ] [var/ezdemo_site/cache/translation/116c467d302d69cc1951896fc44b1880/fre-FR/8994ca91ad83b44dc9086410d8bf4ebe.php]
[ May 21 2016 10:59:24 ] [var/ezdemo_site/cache/translation/116c467d302d69cc1951896fc44b1880/fre-FR/31c13f47ad87dd7baa2d558a91e0fbb9.php]
[ May 21 2016 10:59:24 ] [var/ezdemo_site/cache/translation/116c467d302d69cc1951896fc44b1880/fre-FR/bc51e29a14f2e3fe88784ab0fc855b78.php]
[ May 21 2016 10:59:24 ] [var/ezdemo_site/cache/translation/116c467d302d69cc1951896fc44b1880/fre-FR/c1336e7574d22fd48150bcf11ee01e7c.php]
[ May 21 2016 10:59:24 ] [var/ezdemo_site/cache/translation/116c467d302d69cc1951896fc44b1880/fre-FR/d0dacb89c3f2673c993a6c4a20dcfec0.php]
[ May 21 2016 10:59:24 ] [var/ezdemo_site/cache/translation/116c467d302d69cc1951896fc44b1880/fre-FR/df040ccff08a8acdcaa56e7d96af635a.php]
[ May 21 2016 10:59:24 ] [var/ezdemo_site/cache/translation/116c467d302d69cc1951896fc44b1880/fre-FR/d1ffd70cb6e91c5ba56e5831e64a94eb.php]
[ May 21 2016 10:59:24 ] [var/ezdemo_site/cache/translation/116c467d302d69cc1951896fc44b1880/fre-FR/49553db8d7bc5ac1ce5e0bb5bc852f0c.php]
[ May 21 2016 10:59:24 ] [var/ezdemo_site/cache/translation/116c467d302d69cc1951896fc44b1880/fre-FR/76187acd173d8f8ac7c9fe3e21615e19.php]
[ May 21 2016 10:59:24 ] [var/ezdemo_site/cache/translation/116c467d302d69cc1951896fc44b1880/fre-FR/36a9108f9c02916acdc13679e7ebf825.php]
[ May 21 2016 10:59:24 ] [var/ezdemo_site/cache/translation/116c467d302d69cc1951896fc44b1880/fre-FR/d855d89240be924aa6916a46a19f986d.php]
[ May 21 2016 10:59:24 ] [var/ezdemo_site/cache/translation/116c467d302d69cc1951896fc44b1880/fre-FR/70d897de0f456a1fa6cf98d7c448887c.php]
[ May 21 2016 10:59:24 ] [var/ezdemo_site/cache/translation/116c467d302d69cc1951896fc44b1880/fre-FR/f7e214fe4ed7ebbc781f27d209ed7aa1.php]
[ May 21 2016 10:59:24 ] [var/ezdemo_site/cache/translation/116c467d302d69cc1951896fc44b1880/fre-FR/367aae62c29bb05f8b5f945afdb27930.php]
[ May 21 2016 10:59:24 ] [var/ezdemo_site/cache/translation/116c467d302d69cc1951896fc44b1880/fre-FR/ea03612dc6235478341a57206f981319.php]
[ May 21 2016 10:59:24 ] [var/ezdemo_site/cache/translation/116c467d302d69cc1951896fc44b1880/fre-FR/e85595b58e9ab792e50ae2bdbf6d8f8c.php]
[ May 21 2016 10:59:24 ] [var/ezdemo_site/cache/translation/116c467d302d69cc1951896fc44b1880/fre-FR/afced080b3d75515a1e4e56b12a3f015.php]
[ May 21 2016 10:59:24 ] [var/ezdemo_site/cache/translation/116c467d302d69cc1951896fc44b1880/fre-FR/b0c5074382b446d5ffa28d03c9039f0c.php]
[ May 21 2016 10:59:24 ] [var/ezdemo_site/cache/translation/116c467d302d69cc1951896fc44b1880/fre-FR/c88e23444d7a8f6b05189f0c567f075b.php]
[ May 21 2016 10:59:24 ] [var/ezdemo_site/cache/translation/116c467d302d69cc1951896fc44b1880/fre-FR/7f7330910538dedd084ae50285ad02ab.php]
[ May 21 2016 10:59:24 ] [var/ezdemo_site/cache/translation/116c467d302d69cc1951896fc44b1880/fre-FR/28ac242adbc9f6ec8f17ce3e160febc4.php]
[ May 21 2016 10:59:24 ] [var/ezdemo_site/cache/translation/116c467d302d69cc1951896fc44b1880/fre-FR/f2fb430e5e508228e1ef1151e290e834.php]
[ May 21 2016 10:59:24 ] [var/ezdemo_site/cache/translation/116c467d302d69cc1951896fc44b1880/fre-FR/36c1459bf31f5be8ca2a17dc4ecb73a5.php]
[ May 21 2016 10:59:24 ] [var/ezdemo_site/cache/translation/116c467d302d69cc1951896fc44b1880/fre-FR/00496fbf6c90f13617af39df3e291253.php]
[ May 21 2016 10:59:24 ] [var/ezdemo_site/cache/translation/116c467d302d69cc1951896fc44b1880/fre-FR/9f4fa29653bf2279a94725470a1fe11c.php]
[ May 21 2016 10:59:24 ] [var/ezdemo_site/cache/translation/116c467d302d69cc1951896fc44b1880/fre-FR/edbd862e921e97f58d54abb7a3216999.php]
[ May 21 2016 10:59:24 ] [var/ezdemo_site/cache/translation/116c467d302d69cc1951896fc44b1880/fre-FR/866d1e99d911ec636b871378c1d2f0e7.php]
[ May 21 2016 10:59:24 ] [var/ezdemo_site/cache/translation/116c467d302d69cc1951896fc44b1880/fre-FR/c0f1d843f972d320a9dcb9bcccf6fe5e.php]
[ May 21 2016 10:59:24 ] [var/ezdemo_site/cache/translation/116c467d302d69cc1951896fc44b1880/fre-FR/d5fa73f0c1b916f948ab420475b3c7ae.php]
[ May 21 2016 10:59:24 ] [var/ezdemo_site/cache/translation/116c467d302d69cc1951896fc44b1880/fre-FR/ae3de24ca63898d804f49d32f3007c97.php]
[ May 21 2016 10:59:24 ] [var/ezdemo_site/cache/translation/116c467d302d69cc1951896fc44b1880/fre-FR/c368d49687b59d4e37037374847e917c.php]
[ May 21 2016 10:59:24 ] [var/ezdemo_site/cache/translation/116c467d302d69cc1951896fc44b1880/fre-FR/3737d512db41ed5186b9f242f809bf94.php]
[ May 21 2016 10:59:24 ] [var/ezdemo_site/cache/translation/116c467d302d69cc1951896fc44b1880/fre-FR/6b7aef5a54c5ee709f2663a42f2646d7.php]
[ May 21 2016 10:59:24 ] [var/ezdemo_site/cache/translation/116c467d302d69cc1951896fc44b1880/fre-FR/d7c297709d7b6c91720d61d2aef49e7b.php]
[ May 21 2016 10:59:24 ] [var/ezdemo_site/cache/translation/116c467d302d69cc1951896fc44b1880/fre-FR/1333385cbcef55b40a339520a645427f.php]
[ May 21 2016 10:59:24 ] [var/ezdemo_site/cache/translation/116c467d302d69cc1951896fc44b1880/fre-FR/b1d8733708d8a8df39bf2efeac82186b.php]
[ May 21 2016 10:59:24 ] [var/ezdemo_site/cache/translation/116c467d302d69cc1951896fc44b1880/fre-FR/d11fe65c3d8c681abbff827365106b24.php]
[ May 21 2016 10:59:24 ] [var/ezdemo_site/cache/translation/116c467d302d69cc1951896fc44b1880/fre-FR/8fd18226acb14e5346711e18e7d1a536.php]
[ May 21 2016 10:59:24 ] [var/ezdemo_site/cache/translation/116c467d302d69cc1951896fc44b1880/fre-FR/3bb945a0d9ac47be81d5bc1355d41c65.php]
[ May 21 2016 10:59:24 ] [var/ezdemo_site/cache/translation/116c467d302d69cc1951896fc44b1880/fre-FR/8b181cddef7bb285d51fbf3cb9126d35.php]
[ May 21 2016 10:59:24 ] [var/ezdemo_site/cache/translation/116c467d302d69cc1951896fc44b1880/fre-FR/45a867721700bbdff78aa95e4965a460.php]
[ May 21 2016 10:59:24 ] [var/ezdemo_site/cache/translation/116c467d302d69cc1951896fc44b1880/fre-FR/f548c8313a8f2076748b6069a44f0c01.php]
[ May 21 2016 10:59:24 ] [var/ezdemo_site/cache/translation/116c467d302d69cc1951896fc44b1880/fre-FR/e5593983b84bf866abab665c63bf8180.php]
[ May 21 2016 10:59:24 ] [var/ezdemo_site/cache/translation/116c467d302d69cc1951896fc44b1880/fre-FR/a3e18e7bc75803b84487633febe2b4c0.php]
[ May 21 2016 10:59:24 ] [var/ezdemo_site/cache/translation/116c467d302d69cc1951896fc44b1880/fre-FR/15b28dd6cab18367958292777bff1965.php]
[ May 21 2016 10:59:24 ] [var/ezdemo_site/cache/translation/116c467d302d69cc1951896fc44b1880/fre-FR/1574328ce790283d123e0c4b316a9491.php]
[ May 21 2016 10:59:24 ] [var/ezdemo_site/cache/translation/116c467d302d69cc1951896fc44b1880/fre-FR/7e66c1d7d7ca3f2160e55b623e3ca632.php]
[ May 21 2016 10:59:24 ] [var/ezdemo_site/cache/translation/116c467d302d69cc1951896fc44b1880/fre-FR/2ef5145c7383bc4f9a2f4b276530c5ac.php]
[ May 21 2016 10:59:24 ] [var/ezdemo_site/cache/translation/116c467d302d69cc1951896fc44b1880/fre-FR/e1865bb9511c2e58519696970e878347.php]
[ May 21 2016 10:59:24 ] [var/ezdemo_site/cache/translation/116c467d302d69cc1951896fc44b1880/fre-FR/f8f9556ff690dd8ee15b9eb67eaf89ed.php]
[ May 21 2016 10:59:24 ] [var/ezdemo_site/cache/translation/116c467d302d69cc1951896fc44b1880/fre-FR/c1579644ebe1737341d3b36a8b49b436.php]
[ May 21 2016 10:59:24 ] [var/ezdemo_site/cache/translation/116c467d302d69cc1951896fc44b1880/fre-FR/a586266882239d531fc73588e704f455.php]
[ May 21 2016 10:59:24 ] [var/ezdemo_site/cache/translation/116c467d302d69cc1951896fc44b1880/fre-FR/650b8a8038289d93cf103aaa7e1a469f.php]
[ May 21 2016 10:59:24 ] [var/ezdemo_site/cache/translation/116c467d302d69cc1951896fc44b1880/fre-FR/bb1b35ef5dc34568ffed35d2fd226b7e.php]
[ May 21 2016 10:59:24 ] [var/ezdemo_site/cache/translation/116c467d302d69cc1951896fc44b1880/fre-FR/16a0cc7b534fea5f4092b8f8ff6acf55.php]
[ May 21 2016 10:59:24 ] [var/ezdemo_site/cache/translation/116c467d302d69cc1951896fc44b1880/fre-FR/07b4b64be5d0a2be01cf66041516d98d.php]
[ May 21 2016 10:59:24 ] [var/ezdemo_site/cache/translation/116c467d302d69cc1951896fc44b1880/fre-FR/aeed7d025634ff244176b23f18b6bac7.php]
[ May 21 2016 10:59:24 ] [var/ezdemo_site/cache/translation/116c467d302d69cc1951896fc44b1880/fre-FR/09b17593eec252334f55bf2486e378f8.php]
[ May 21 2016 10:59:24 ] [var/ezdemo_site/cache/translation/116c467d302d69cc1951896fc44b1880/fre-FR/2a86eb8e754dd7aae2e6805dc18d619d.php]
[ May 21 2016 10:59:24 ] [var/ezdemo_site/cache/translation/116c467d302d69cc1951896fc44b1880/fre-FR/afaa90fb30777aa167f4018bf7be8a86.php]
[ May 21 2016 10:59:24 ] [var/ezdemo_site/cache/translation/116c467d302d69cc1951896fc44b1880/fre-FR/cf521a9885db8b5fc1cbdf7fcf8999a0.php]
[ May 21 2016 10:59:24 ] [var/ezdemo_site/cache/translation/116c467d302d69cc1951896fc44b1880/fre-FR/8c49d63bafa24ad507e630d655fc6181.php]
[ May 21 2016 10:59:24 ] [var/ezdemo_site/cache/translation/116c467d302d69cc1951896fc44b1880/fre-FR/fcc6affcf39fe6e846ac4420dc89a91d.php]
[ May 21 2016 10:59:24 ] [var/ezdemo_site/cache/translation/116c467d302d69cc1951896fc44b1880/fre-FR/642756cb7c1cba8e5474914553f1a3d6.php]
[ May 21 2016 10:59:24 ] [var/ezdemo_site/cache/translation/116c467d302d69cc1951896fc44b1880/fre-FR/307d19a4b79c9d07acd398a8002f9e7f.php]
[ May 21 2016 10:59:24 ] [var/ezdemo_site/cache/translation/116c467d302d69cc1951896fc44b1880/fre-FR/4da78089051716a225f3ed9b633dd277.php]
[ May 21 2016 10:59:24 ] [var/ezdemo_site/cache/translation/116c467d302d69cc1951896fc44b1880/fre-FR/3cb5e028c893807c13c27a8de8f26e7a.php]
[ May 21 2016 10:59:24 ] [var/ezdemo_site/cache/translation/116c467d302d69cc1951896fc44b1880/fre-FR/791b1762e60c7fd2f70a3f256a85bf15.php]
[ May 21 2016 10:59:24 ] [var/ezdemo_site/cache/translation/116c467d302d69cc1951896fc44b1880/fre-FR/c172ec7b4f46e28a408165f2b6bf483c.php]
[ May 21 2016 10:59:24 ] [var/ezdemo_site/cache/translation/116c467d302d69cc1951896fc44b1880/fre-FR/d4f397cc85197c4eac4a8dfdfebe7e42.php]
[ May 21 2016 10:59:24 ] [var/ezdemo_site/cache/translation/116c467d302d69cc1951896fc44b1880/fre-FR/df37b9c150a60874667eb427d329d345.php]
[ May 21 2016 10:59:24 ] [var/ezdemo_site/cache/translation/116c467d302d69cc1951896fc44b1880/fre-FR/473f0131a05df64387972ac6c7ba5e25.php]
[ May 21 2016 10:59:24 ] [var/ezdemo_site/cache/translation/116c467d302d69cc1951896fc44b1880/fre-FR/379208f1ed4615c0394eba9711e17199.php]
[ May 21 2016 10:59:24 ] [var/ezdemo_site/cache/translation/116c467d302d69cc1951896fc44b1880/fre-FR/6ff9f55f284cbc3281551fa40df6d7a8.php]
[ May 21 2016 10:59:24 ] [var/ezdemo_site/cache/translation/116c467d302d69cc1951896fc44b1880/fre-FR/0622472e5668e6bbac125d7705bc59c4.php]
[ May 21 2016 10:59:24 ] [var/ezdemo_site/cache/translation/116c467d302d69cc1951896fc44b1880/fre-FR/e6982809d28aee46d7ccfea590257e1e.php]
[ May 21 2016 10:59:24 ] [var/ezdemo_site/cache/translation/116c467d302d69cc1951896fc44b1880/fre-FR/704209bb922cc08f7bb13aaf2bca8343.php]
[ May 21 2016 10:59:24 ] [var/ezdemo_site/cache/translation/116c467d302d69cc1951896fc44b1880/fre-FR/ff246da9ed446182bafe7f6b8b7d721e.php]
[ May 21 2016 10:59:24 ] [var/ezdemo_site/cache/translation/116c467d302d69cc1951896fc44b1880/fre-FR/346be7983e710257d4bb5c63902ab5b2.php]
[ May 21 2016 10:59:24 ] [var/ezdemo_site/cache/translation/116c467d302d69cc1951896fc44b1880/fre-FR/2be9eb7bcb12382633fe3dbc1798ebe3.php]
[ May 21 2016 10:59:24 ] [var/ezdemo_site/cache/translation/116c467d302d69cc1951896fc44b1880/fre-FR/1eaf26ccf870941bb2988826efc23f1e.php]
[ May 21 2016 10:59:24 ] [var/ezdemo_site/cache/translation/116c467d302d69cc1951896fc44b1880/fre-FR/f810eab40cd8ea0e3c91f408405dcaa8.php]
[ May 21 2016 10:59:24 ] [var/ezdemo_site/cache/translation/116c467d302d69cc1951896fc44b1880/fre-FR/cad1e8e06cef2534182e636cdaa00fbf.php]
[ May 21 2016 10:59:24 ] [var/ezdemo_site/cache/translation/116c467d302d69cc1951896fc44b1880/fre-FR/d2b8740bda734b72c6becc643e532a50.php]
[ May 21 2016 10:59:24 ] [var/ezdemo_site/cache/translation/116c467d302d69cc1951896fc44b1880/fre-FR/a44bd2be89e5590ae47a3356a60ecb92.php]
[ May 21 2016 10:59:24 ] [var/ezdemo_site/cache/translation/116c467d302d69cc1951896fc44b1880/fre-FR/ce7024e0738fe038484d9bd6de5a9fcc.php]
[ May 21 2016 10:59:24 ] [var/ezdemo_site/cache/translation/116c467d302d69cc1951896fc44b1880/fre-FR/5a5edc5a124d5136d3e86b22f659a06f.php]
[ May 21 2016 10:59:24 ] [var/ezdemo_site/cache/translation/116c467d302d69cc1951896fc44b1880/fre-FR/579613e7ce5d1c3490d2c5513ca9cc40.php]
[ May 21 2016 10:59:24 ] [var/ezdemo_site/cache/translation/116c467d302d69cc1951896fc44b1880/fre-FR/4c4a13db928fdfd498e6ba04301504c6.php]
[ May 21 2016 10:59:24 ] [var/ezdemo_site/cache/translation/116c467d302d69cc1951896fc44b1880/fre-FR/013fd924da722b5ca5443d162599093a.php]
[ May 21 2016 10:59:24 ] [var/ezdemo_site/cache/translation/116c467d302d69cc1951896fc44b1880/fre-FR/b9c3c41b41662b6c567e025760e4014a.php]
[ May 21 2016 10:59:24 ] [var/ezdemo_site/cache/translation/116c467d302d69cc1951896fc44b1880/fre-FR/f8ea64cc1ccf895ebf28ca4ef8d2f522.php]
[ May 21 2016 10:59:24 ] [var/ezdemo_site/cache/translation/116c467d302d69cc1951896fc44b1880/fre-FR/86ac527ad092ee2a0002b85ef5f2c717.php]
[ May 21 2016 10:59:24 ] [var/ezdemo_site/cache/translation/116c467d302d69cc1951896fc44b1880/fre-FR/deebfed2cfaed96c638a5cebfda274f0.php]
[ May 21 2016 10:59:24 ] [var/ezdemo_site/cache/translation/116c467d302d69cc1951896fc44b1880/fre-FR/a069991d73faf3f8612e4714ae6c8760.php]
[ May 21 2016 10:59:24 ] [var/ezdemo_site/cache/translation/116c467d302d69cc1951896fc44b1880/fre-FR/8c763b95201549332e755fabafd0c170.php]
[ May 21 2016 10:59:24 ] [var/ezdemo_site/cache/translation/116c467d302d69cc1951896fc44b1880/fre-FR/53a9fcef22fcb84a914b650d1351943f.php]
[ May 21 2016 10:59:24 ] [var/ezdemo_site/cache/translation/116c467d302d69cc1951896fc44b1880/fre-FR/b2daebb7d57bfe00aa1d94c65d842638.php]
[ May 21 2016 10:59:24 ] [var/ezdemo_site/cache/translation/116c467d302d69cc1951896fc44b1880/fre-FR/0f397625cc78bd3ec5ac823ba8ddba13.php]
[ May 21 2016 10:59:24 ] [var/ezdemo_site/cache/translation/116c467d302d69cc1951896fc44b1880/fre-FR/2deaf73fbdb30373798bff18c18ac53a.php]
[ May 21 2016 10:59:24 ] [var/ezdemo_site/cache/translation/116c467d302d69cc1951896fc44b1880/fre-FR/00ce4c087368a5e46142dfcdfe8ee6c7.php]
[ May 21 2016 10:59:24 ] [var/ezdemo_site/cache/translation/116c467d302d69cc1951896fc44b1880/fre-FR/39f30c5cb3b01b4eb8ca09d343488898.php]
[ May 21 2016 10:59:24 ] [var/ezdemo_site/cache/translation/116c467d302d69cc1951896fc44b1880/fre-FR/775a76194f44c33a307d8edc721e50b7.php]
[ May 21 2016 10:59:24 ] [var/ezdemo_site/cache/translation/116c467d302d69cc1951896fc44b1880/fre-FR/ce045bb8ac568996a428cd4c9f351ad1.php]
[ May 21 2016 10:59:24 ] [var/ezdemo_site/cache/translation/116c467d302d69cc1951896fc44b1880/fre-FR/003c88ebdec897f3b55e9acc0406ef78.php]
[ May 21 2016 10:59:24 ] [var/ezdemo_site/cache/translation/116c467d302d69cc1951896fc44b1880/fre-FR/2d2466bcdf6093ed8e5ca73be4c2e918.php]
[ May 21 2016 10:59:24 ] [var/ezdemo_site/cache/translation/116c467d302d69cc1951896fc44b1880/fre-FR/44462935b3efeff2d7985daf2581e840.php]
[ May 21 2016 10:59:24 ] [var/ezdemo_site/cache/translation/116c467d302d69cc1951896fc44b1880/fre-FR/1f4e88f0b8c48c7e4f33fb49f031bd5d.php]
[ May 21 2016 10:59:24 ] [var/ezdemo_site/cache/translation/116c467d302d69cc1951896fc44b1880/fre-FR/20fdcaf3348d79cce748abcaded08a15.php]
[ May 21 2016 10:59:24 ] [var/ezdemo_site/cache/translation/116c467d302d69cc1951896fc44b1880/fre-FR/0a83ae2874dddbf4e8a86e77f19b0cce.php]
[ May 21 2016 10:59:24 ] [var/ezdemo_site/cache/translation/116c467d302d69cc1951896fc44b1880/fre-FR/6ac0ebe2fc56f01920ee4b69583f4c46.php]
[ May 21 2016 10:59:24 ] [var/ezdemo_site/cache/translation/116c467d302d69cc1951896fc44b1880/fre-FR/6defe3e5c4b3845d1e0bab868553d192.php]
[ May 21 2016 10:59:24 ] [var/ezdemo_site/cache/translation/116c467d302d69cc1951896fc44b1880/fre-FR/55212a5b7f9af8f061aeff36413e94ba.php]
[ May 21 2016 10:59:24 ] [var/ezdemo_site/cache/translation/116c467d302d69cc1951896fc44b1880/fre-FR/7f6e5eb856963abcb6f206e39ba51c03.php]
[ May 21 2016 10:59:24 ] [var/ezdemo_site/cache/translation/116c467d302d69cc1951896fc44b1880/fre-FR/a45c0bcfcd30301409525a52f0cfe1e7.php]
[ May 21 2016 10:59:24 ] [var/ezdemo_site/cache/translation/116c467d302d69cc1951896fc44b1880/fre-FR/d3b4a9bc0623e5ae6e592130eee287d3.php]
[ May 21 2016 10:59:24 ] [var/ezdemo_site/cache/translation/116c467d302d69cc1951896fc44b1880/fre-FR/bf8e5a88333c5b328f61771b1546dffb.php]
[ May 21 2016 10:59:24 ] [var/ezdemo_site/cache/translation/116c467d302d69cc1951896fc44b1880/fre-FR/035203e110c8f59a61e0e197468a0108.php]
[ May 21 2016 10:59:24 ] [var/ezdemo_site/cache/translation/116c467d302d69cc1951896fc44b1880/fre-FR/283c1434da3eef165f87e28a3d149889.php]
[ May 21 2016 10:59:24 ] [var/ezdemo_site/cache/translation/116c467d302d69cc1951896fc44b1880/fre-FR/aac4621c5af038655d418baf287ac2e9.php]
[ May 21 2016 10:59:24 ] [var/ezdemo_site/cache/translation/116c467d302d69cc1951896fc44b1880/fre-FR/dcdb97ae4e62e985a507084f4dc40400.php]
[ May 21 2016 10:59:24 ] [var/ezdemo_site/cache/translation/116c467d302d69cc1951896fc44b1880/fre-FR/866061d5768717f2d08a6b1bf96fd534.php]
[ May 21 2016 10:59:24 ] [var/ezdemo_site/cache/translation/116c467d302d69cc1951896fc44b1880/fre-FR/03b93701997358cbb17cc2014e7a11de.php]
[ May 21 2016 10:59:24 ] [var/ezdemo_site/cache/translation/116c467d302d69cc1951896fc44b1880/fre-FR/eb34cb441e089dae779efb0a5f2ddaa1.php]
[ May 21 2016 10:59:24 ] [var/ezdemo_site/cache/translation/116c467d302d69cc1951896fc44b1880/fre-FR/ceb49f5ab60ba9af93c2428dbaf72c7f.php]
[ May 21 2016 10:59:24 ] [var/ezdemo_site/cache/translation/116c467d302d69cc1951896fc44b1880/fre-FR/01d6acf7f48565a2a56880b7c1ddecaf.php]
[ May 21 2016 10:59:24 ] [var/ezdemo_site/cache/translation/116c467d302d69cc1951896fc44b1880/fre-FR/4a0a512292717f44b982aa84a584a28f.php]
[ May 21 2016 10:59:24 ] [var/ezdemo_site/cache/translation/116c467d302d69cc1951896fc44b1880/fre-FR/8962bcbab0bc7520a2bdfaa646bb756a.php]
[ May 21 2016 10:59:24 ] [var/ezdemo_site/cache/translation/116c467d302d69cc1951896fc44b1880/fre-FR/e3e33c8031d797741fb3085b9595230c.php]
[ May 21 2016 10:59:24 ] [var/ezdemo_site/cache/translation/116c467d302d69cc1951896fc44b1880/fre-FR/6ab5f5e0326790c502baa0bb0771bea6.php]
[ May 21 2016 10:59:24 ] [var/ezdemo_site/cache/translation/116c467d302d69cc1951896fc44b1880/fre-FR/e4f83dd202f97b25a204a833dcc2d389.php]
[ May 21 2016 10:59:24 ] [var/ezdemo_site/cache/translation/116c467d302d69cc1951896fc44b1880/fre-FR/d7b0e907b7c96934caf3707bd851e74d.php]
[ May 21 2016 10:59:24 ] [var/ezdemo_site/cache/translation/116c467d302d69cc1951896fc44b1880/fre-FR/bf0475059af2e56065a143c052e1400d.php]
[ May 21 2016 10:59:24 ] [var/ezdemo_site/cache/translation/116c467d302d69cc1951896fc44b1880/fre-FR/10a22d511ea03ee84ab1b696b794c15c.php]
[ May 21 2016 10:59:24 ] [var/ezdemo_site/cache/translation/116c467d302d69cc1951896fc44b1880/fre-FR/f2a5dc58406e4a041c7676b921a1ca92.php]
[ May 21 2016 10:59:24 ] [var/ezdemo_site/cache/translation/116c467d302d69cc1951896fc44b1880/fre-FR/e90c75ebc1e54c68d611a96ea141c80e.php]
[ May 21 2016 10:59:24 ] [var/ezdemo_site/cache/translation/116c467d302d69cc1951896fc44b1880/fre-FR/230b0f392c5b506df93480cff3ce021d.php]
[ May 21 2016 10:59:24 ] [var/ezdemo_site/cache/translation/116c467d302d69cc1951896fc44b1880/fre-FR/4fcdc576390a100ab4c73d7d65ccf232.php]
[ May 21 2016 10:59:24 ] [var/ezdemo_site/cache/translation/116c467d302d69cc1951896fc44b1880/fre-FR/8191ee2c6d9b4aa4c508ffbe19b90b67.php]
[ May 21 2016 10:59:24 ] [var/ezdemo_site/cache/translation/116c467d302d69cc1951896fc44b1880/fre-FR/567f9d14bb6e18fbba9d06ad5588b8b6.php]
[ May 21 2016 10:59:24 ] [var/ezdemo_site/cache/translation/116c467d302d69cc1951896fc44b1880/fre-FR/4fb1ad375a273452af0b423d44793bb3.php]
[ May 21 2016 10:59:24 ] [var/ezdemo_site/cache/translation/116c467d302d69cc1951896fc44b1880/fre-FR/73acdfc1bb28ae2b9fc5cd93e60936ad.php]
[ May 21 2016 10:59:24 ] [var/ezdemo_site/cache/translation/116c467d302d69cc1951896fc44b1880/fre-FR/9ed63952e8e63457b3cb15de8d9f746a.php]
[ May 21 2016 10:59:24 ] [var/ezdemo_site/cache/translation/116c467d302d69cc1951896fc44b1880/fre-FR/cf7cc4916832234a4a8391ff73e2ac44.php]
[ May 21 2016 10:59:24 ] [var/ezdemo_site/cache/translation/116c467d302d69cc1951896fc44b1880/fre-FR/fc69687a6ff04f2f429ba47d7767f8f4.php]
[ May 21 2016 10:59:24 ] [var/ezdemo_site/cache/translation/116c467d302d69cc1951896fc44b1880/fre-FR/6ee82949341c954c86f84298969b871f.php]
[ May 21 2016 10:59:24 ] [var/ezdemo_site/cache/translation/116c467d302d69cc1951896fc44b1880/fre-FR/254fb8a20c76bf196d3cdfbe626bcf43.php]
[ May 21 2016 10:59:24 ] [var/ezdemo_site/cache/translation/116c467d302d69cc1951896fc44b1880/fre-FR/cafbceea2b3ac7102bfc1093df585bcd.php]
[ May 21 2016 10:59:24 ] [var/ezdemo_site/cache/translation/116c467d302d69cc1951896fc44b1880/fre-FR/7b8dc971219e86d12dd709a4310a65e2.php]
[ May 21 2016 10:59:24 ] [var/ezdemo_site/cache/translation/116c467d302d69cc1951896fc44b1880/fre-FR/ae5630094d354c873a9843db904aaca5.php]
[ May 21 2016 10:59:24 ] [var/ezdemo_site/cache/translation/116c467d302d69cc1951896fc44b1880/fre-FR/740b02d763cc6692d7f129882e795924.php]
[ May 21 2016 10:59:24 ] [var/ezdemo_site/cache/translation/116c467d302d69cc1951896fc44b1880/fre-FR/ca477281960a0abf6238836388def25a.php]
[ May 21 2016 10:59:24 ] [var/ezdemo_site/cache/translation/116c467d302d69cc1951896fc44b1880/fre-FR/900a6168b18da700caa995733022fe62.php]
[ May 21 2016 10:59:24 ] [var/ezdemo_site/cache/translation/116c467d302d69cc1951896fc44b1880/fre-FR/3624580305391386a9333c0aeb2b093b.php]
[ May 21 2016 10:59:24 ] [var/ezdemo_site/cache/translation/116c467d302d69cc1951896fc44b1880/fre-FR/52bbb259580da45b4ce4a184c03185db.php]
[ May 21 2016 10:59:24 ] [var/ezdemo_site/cache/translation/116c467d302d69cc1951896fc44b1880/fre-FR/b304d78d4534c4a301dd89c8caa36a91.php]
[ May 21 2016 10:59:24 ] [var/ezdemo_site/cache/translation/116c467d302d69cc1951896fc44b1880/fre-FR/de3ab67e8609d595e44348376ae18313.php]
[ May 21 2016 10:59:24 ] [var/ezdemo_site/cache/translation/116c467d302d69cc1951896fc44b1880/fre-FR/badd2226496c7f5093676d8285ae9f26.php]
[ May 21 2016 10:59:24 ] [var/ezdemo_site/cache/translation/116c467d302d69cc1951896fc44b1880/fre-FR/95f9f8fddcadad4d9014b49e2ebf8dee.php]
[ May 21 2016 10:59:24 ] [var/ezdemo_site/cache/translation/116c467d302d69cc1951896fc44b1880/fre-FR/81dbd484e0054f625464b6d7f39bdec0.php]
[ May 21 2016 10:59:24 ] [var/ezdemo_site/cache/translation/116c467d302d69cc1951896fc44b1880/fre-FR/69c19e133b241fd16c50eaf3e6754c0c.php]
[ May 21 2016 10:59:24 ] [var/ezdemo_site/cache/translation/116c467d302d69cc1951896fc44b1880/fre-FR/13430d563bb12e87caf4e889b0ed5c6d.php]
[ May 21 2016 10:59:24 ] [var/ezdemo_site/cache/translation/116c467d302d69cc1951896fc44b1880/fre-FR/b873a59de536a54cc462067c2d095d3b.php]
[ May 21 2016 10:59:24 ] [var/ezdemo_site/cache/translation/116c467d302d69cc1951896fc44b1880/fre-FR/27256f953ffe50fd579ec13d8bbf3d5a.php]
[ May 21 2016 10:59:24 ] [var/ezdemo_site/cache/translation/116c467d302d69cc1951896fc44b1880/fre-FR/485e0d90a6bf35369fa67d395035f27e.php]
[ May 21 2016 10:59:24 ] [var/ezdemo_site/cache/translation/116c467d302d69cc1951896fc44b1880/fre-FR/0198d8cfe975671565c8ced6fca5a574.php]
[ May 21 2016 10:59:24 ] [var/ezdemo_site/cache/translation/116c467d302d69cc1951896fc44b1880/fre-FR/95f5de6d27265d9fe91a0c516f3ba12c.php]
[ May 21 2016 10:59:24 ] [var/ezdemo_site/cache/translation/116c467d302d69cc1951896fc44b1880/fre-FR/b0651e3c4cc7e5d095da736ed47f4768.php]
[ May 21 2016 10:59:24 ] [var/ezdemo_site/cache/translation/116c467d302d69cc1951896fc44b1880/fre-FR/37ff61c34c115368c05ab58fc0b12e10.php]
[ May 21 2016 10:59:24 ] [var/ezdemo_site/cache/translation/116c467d302d69cc1951896fc44b1880/fre-FR/b0e18f3b1e70b58415518bf6036a61b6.php]
[ May 21 2016 10:59:24 ] [var/ezdemo_site/cache/translation/116c467d302d69cc1951896fc44b1880/fre-FR/90c95742aef7eea870888808cdefda6e.php]
[ May 21 2016 10:59:24 ] [var/ezdemo_site/cache/translation/116c467d302d69cc1951896fc44b1880/fre-FR/a01a8324a22d9d3504fb461c4d25da15.php]
[ May 21 2016 10:59:24 ] [var/ezdemo_site/cache/translation/116c467d302d69cc1951896fc44b1880/fre-FR/693bac62532b23c8178350bbfda1e59b.php]
[ May 21 2016 10:59:24 ] [var/ezdemo_site/cache/translation/116c467d302d69cc1951896fc44b1880/fre-FR/178946974e4a8f67469885c183b6cbf6.php]
[ May 21 2016 10:59:24 ] [var/ezdemo_site/cache/translation/116c467d302d69cc1951896fc44b1880/fre-FR/5151236d51921f836f9595214c38b12d.php]
[ May 21 2016 10:59:24 ] [var/ezdemo_site/cache/translation/116c467d302d69cc1951896fc44b1880/fre-FR/faf4143dbaf7caf6a95db7caf9f91805.php]
[ May 21 2016 10:59:24 ] [var/ezdemo_site/cache/translation/116c467d302d69cc1951896fc44b1880/fre-FR/261a6d14b57a018451aaeb426b3057ce.php]
[ May 21 2016 10:59:24 ] [var/ezdemo_site/cache/translation/116c467d302d69cc1951896fc44b1880/fre-FR/d5dbbbaf9a20fa148456c1d74f798f5f.php]
[ May 21 2016 10:59:24 ] [var/ezdemo_site/cache/translation/116c467d302d69cc1951896fc44b1880/fre-FR/d215dd3c1e3bc1360c06e7e6bfb995c5.php]
[ May 21 2016 10:59:24 ] [var/ezdemo_site/cache/translation/116c467d302d69cc1951896fc44b1880/fre-FR/4ca436bb69eecab7876fcdb7075da69f.php]
[ May 21 2016 10:59:24 ] [var/ezdemo_site/cache/translation/116c467d302d69cc1951896fc44b1880/fre-FR/6a4abbeaa22c6bf219c7a6dd29358d76.php]
[ May 21 2016 10:59:24 ] [var/ezdemo_site/cache/translation/116c467d302d69cc1951896fc44b1880/fre-FR/0435e7326b5515e9a7d4067b44af2422.php]
[ May 21 2016 10:59:24 ] [var/ezdemo_site/cache/translation/116c467d302d69cc1951896fc44b1880/fre-FR/652485fe3d072480f25a340406991180.php]
[ May 21 2016 10:59:24 ] [var/ezdemo_site/cache/translation/116c467d302d69cc1951896fc44b1880/fre-FR/e25bf97d979890b799362693249d984f.php]
[ May 21 2016 10:59:24 ] [var/ezdemo_site/cache/translation/116c467d302d69cc1951896fc44b1880/fre-FR/24fa9dbcb4de0dabf7e0e318a965949f.php]
[ May 21 2016 10:59:24 ] [var/ezdemo_site/cache/translation/116c467d302d69cc1951896fc44b1880/fre-FR/59a65041a7f134c5b7fce487e2768a28.php]
[ May 21 2016 10:59:24 ] [var/ezdemo_site/cache/translation/116c467d302d69cc1951896fc44b1880/fre-FR/00707c9b3a97ef5aebdb49edd6ed1bbc.php]
[ May 21 2016 10:59:24 ] [var/ezdemo_site/cache/translation/116c467d302d69cc1951896fc44b1880/fre-FR/55ff6524f6bf3b2fe6c96eaaf4e6338c.php]
[ May 21 2016 10:59:24 ] [var/ezdemo_site/cache/translation/116c467d302d69cc1951896fc44b1880/fre-FR/f885271c5ca0373759c4d046ce5424cf.php]
[ May 21 2016 10:59:24 ] [var/ezdemo_site/cache/translation/116c467d302d69cc1951896fc44b1880/fre-FR/34c2fa61bee0805271f129a0ec7ae2cd.php]
[ May 21 2016 10:59:24 ] [var/ezdemo_site/cache/translation/116c467d302d69cc1951896fc44b1880/fre-FR/18fc45fb194d71b8aa0f8a3c35601257.php]
[ May 21 2016 10:59:24 ] [var/ezdemo_site/cache/translation/116c467d302d69cc1951896fc44b1880/fre-FR/c92330fa37c82c671b9c3ce75fcc9550.php]
[ May 21 2016 10:59:24 ] [var/ezdemo_site/cache/translation/116c467d302d69cc1951896fc44b1880/fre-FR/07f5782e0ccfb1cdb65b4da8faac204b.php]
[ May 21 2016 10:59:24 ] [var/ezdemo_site/cache/translation/116c467d302d69cc1951896fc44b1880/fre-FR/8d56c63fe0451888626f6159c887219d.php]
[ May 21 2016 10:59:24 ] [var/ezdemo_site/cache/translation/116c467d302d69cc1951896fc44b1880/fre-FR/7f2dd4ed77fd0e861e9312f3b7838df8.php]
[ May 21 2016 10:59:24 ] [var/ezdemo_site/cache/translation/116c467d302d69cc1951896fc44b1880/fre-FR/4230bd449291fd8a50b0e50f39313ba8.php]
[ May 21 2016 10:59:24 ] [var/ezdemo_site/cache/translation/116c467d302d69cc1951896fc44b1880/fre-FR/07061efe66be9a3688a315b6e4f71fd8.php]
[ May 21 2016 10:59:24 ] [var/ezdemo_site/cache/translation/116c467d302d69cc1951896fc44b1880/fre-FR/d35ad9a6e9ecafd1f1c43d03788a08d2.php]
[ May 21 2016 10:59:24 ] [var/ezdemo_site/cache/translation/116c467d302d69cc1951896fc44b1880/fre-FR/a0031350975237bb56c5c1d4b1f1994c.php]
[ May 21 2016 10:59:24 ] [var/ezdemo_site/cache/translation/116c467d302d69cc1951896fc44b1880/fre-FR/715915cf2858609633247e4c79f7227e.php]
[ May 21 2016 10:59:24 ] [var/ezdemo_site/cache/translation/116c467d302d69cc1951896fc44b1880/fre-FR/fcf6cac23fe50585d3796b415445c27d.php]
[ May 21 2016 10:59:24 ] [var/ezdemo_site/cache/translation/116c467d302d69cc1951896fc44b1880/fre-FR/a43a1f1f3bada272885e7fe15b771dd0.php]
[ May 21 2016 10:59:24 ] [var/ezdemo_site/cache/translation/116c467d302d69cc1951896fc44b1880/fre-FR/b846297f6fb31525c3d088e8bc6262b3.php]
[ May 21 2016 10:59:24 ] [var/ezdemo_site/cache/translation/116c467d302d69cc1951896fc44b1880/fre-FR/5693be771e79c6a7c9194365d3c11151.php]
[ May 21 2016 10:59:24 ] [var/ezdemo_site/cache/translation/116c467d302d69cc1951896fc44b1880/fre-FR/b153b367e8389d105bbfd8eaa19ad369.php]
[ May 21 2016 10:59:24 ] [var/ezdemo_site/cache/translation/116c467d302d69cc1951896fc44b1880/fre-FR/92f896de4fe64660d4751c3a045c3a09.php]
[ May 21 2016 10:59:24 ] [var/ezdemo_site/cache/translation/116c467d302d69cc1951896fc44b1880/fre-FR/64180a9d21388beef011f677467318ad.php]
[ May 21 2016 10:59:24 ] [var/ezdemo_site/cache/translation/116c467d302d69cc1951896fc44b1880/fre-FR/fa434a218266a7278649327f40a63f37.php]
[ May 21 2016 10:59:24 ] [var/ezdemo_site/cache/translation/116c467d302d69cc1951896fc44b1880/fre-FR/d326a6ce4b28e69f8baeaf6e3149654a.php]
[ May 21 2016 10:59:24 ] [var/ezdemo_site/cache/translation/116c467d302d69cc1951896fc44b1880/fre-FR/1a83e680732f6d1b86fd03b9ffb14503.php]
[ May 21 2016 10:59:24 ] [var/ezdemo_site/cache/translation/116c467d302d69cc1951896fc44b1880/fre-FR/f2eb9db40d94643ee0a9bbb384b3ac6e.php]
[ May 21 2016 10:59:24 ] [var/ezdemo_site/cache/translation/116c467d302d69cc1951896fc44b1880/fre-FR/c2655ebcdc085425c1f4647a07456bbe.php]
[ May 21 2016 10:59:24 ] [var/ezdemo_site/cache/translation/116c467d302d69cc1951896fc44b1880/fre-FR/747f9374dac02373734854b245e66484.php]
[ May 21 2016 10:59:24 ] [var/ezdemo_site/cache/translation/116c467d302d69cc1951896fc44b1880/fre-FR/d3ce80a76ac0d1ba31ddbf3f7b4ff68b.php]
[ May 21 2016 10:59:24 ] [var/ezdemo_site/cache/translation/116c467d302d69cc1951896fc44b1880/fre-FR/36c053330fad2c6274987ab4c16885f4.php]
[ May 21 2016 10:59:24 ] [var/ezdemo_site/cache/translation/116c467d302d69cc1951896fc44b1880/fre-FR/f4b0c15d13d8d8d5a2a4c825f4afe18a.php]
[ May 21 2016 10:59:24 ] [var/ezdemo_site/cache/translation/116c467d302d69cc1951896fc44b1880/fre-FR/40fa1a9506ec30ae6efd663447623c77.php]
[ May 21 2016 10:59:24 ] [var/ezdemo_site/cache/translation/116c467d302d69cc1951896fc44b1880/fre-FR/5321a4fb737d4b2263a2b1e30aae7c2e.php]
[ May 21 2016 10:59:24 ] [var/ezdemo_site/cache/translation/116c467d302d69cc1951896fc44b1880/fre-FR/3191bf03e069b076c8e3c0721c284b6f.php]
[ May 21 2016 10:59:24 ] [var/ezdemo_site/cache/translation/116c467d302d69cc1951896fc44b1880/fre-FR/46df075224d1e97248111d7d08e5db29.php]
[ May 21 2016 10:59:24 ] [var/ezdemo_site/cache/translation/116c467d302d69cc1951896fc44b1880/fre-FR/28fd0c897ead51dd711dbf67bab11ac3.php]
[ May 21 2016 10:59:24 ] [var/ezdemo_site/cache/translation/116c467d302d69cc1951896fc44b1880/fre-FR/2a00eea55b29552e9b7c608e379415c7.php]
[ May 21 2016 10:59:24 ] [var/ezdemo_site/cache/translation/116c467d302d69cc1951896fc44b1880/fre-FR/93fe76131a626159aa3ee8c0fcb1337b.php]
[ May 21 2016 10:59:24 ] [var/ezdemo_site/cache/translation/116c467d302d69cc1951896fc44b1880/fre-FR/ae61654a29460e7ac090e739e94349a5.php]
[ May 21 2016 10:59:24 ] [var/ezdemo_site/cache/translation/116c467d302d69cc1951896fc44b1880/fre-FR/1cec11db60f5f2852a50e2d1f3675bb6.php]
[ May 21 2016 10:59:24 ] [var/ezdemo_site/cache/translation/116c467d302d69cc1951896fc44b1880/fre-FR/81c61c2248deb2ab3b181ac776ff8ad4.php]
[ May 21 2016 10:59:24 ] [var/ezdemo_site/cache/translation/116c467d302d69cc1951896fc44b1880/fre-FR/d2fc072f6f72aa87ba9d31cf923827a7.php]
[ May 21 2016 10:59:24 ] [var/ezdemo_site/cache/translation/116c467d302d69cc1951896fc44b1880/fre-FR/d02df23ea679d58f5e633b7f0ab5fbb0.php]
[ May 21 2016 10:59:24 ] [var/ezdemo_site/cache/translation/116c467d302d69cc1951896fc44b1880/fre-FR/743d81b64c6182aa1474905504836999.php]
[ May 21 2016 10:59:24 ] [var/ezdemo_site/cache/translation/116c467d302d69cc1951896fc44b1880/fre-FR/12026b252f02dd6049d912a6ffd3f892.php]
[ May 21 2016 10:59:24 ] [var/ezdemo_site/cache/translation/116c467d302d69cc1951896fc44b1880/fre-FR/2d15316025fc6a40530beac5192f2c02.php]
[ May 21 2016 10:59:24 ] [var/ezdemo_site/cache/translation/116c467d302d69cc1951896fc44b1880/fre-FR/29b91fcd9e4e04e90d58ea2301912a26.php]
[ May 21 2016 10:59:24 ] [var/ezdemo_site/cache/translation/116c467d302d69cc1951896fc44b1880/fre-FR/ebbe89c25099072e4ce620e73dc63b04.php]
[ May 21 2016 10:59:24 ] [var/ezdemo_site/cache/translation/116c467d302d69cc1951896fc44b1880/fre-FR/ad6930be9b118b5ebd71c1af40ba2685.php]
[ May 21 2016 10:59:24 ] [var/ezdemo_site/cache/translation/116c467d302d69cc1951896fc44b1880/fre-FR/d87a6d479c151633a8fd7cec9d4bc47b.php]
[ May 21 2016 10:59:24 ] [var/ezdemo_site/cache/translation/116c467d302d69cc1951896fc44b1880/fre-FR/e35f191f657f7d1ed1c6e67f9a7ad1b4.php]
[ May 21 2016 10:59:24 ] [var/ezdemo_site/cache/translation/116c467d302d69cc1951896fc44b1880/fre-FR/0207849ba6493ceb81ebb0e2a7dbeee6.php]
[ May 21 2016 10:59:24 ] [var/ezdemo_site/cache/translation/116c467d302d69cc1951896fc44b1880/fre-FR/a23c7942bfc19edcda93e932450c15da.php]
[ May 21 2016 10:59:24 ] [var/ezdemo_site/cache/translation/116c467d302d69cc1951896fc44b1880/fre-FR/6b34876a11510e2e24e36057611f10a6.php]
[ May 21 2016 10:59:24 ] [var/ezdemo_site/cache/translation/116c467d302d69cc1951896fc44b1880/fre-FR/6e3a179931b514c70129018007f5023e.php]
[ May 21 2016 10:59:24 ] [var/ezdemo_site/cache/translation/116c467d302d69cc1951896fc44b1880/fre-FR/cd4d3b7c1ed9ad09b08148a79b67020b.php]
[ May 21 2016 10:59:24 ] [var/ezdemo_site/cache/translation/116c467d302d69cc1951896fc44b1880/fre-FR/a77bbd05c87ae99a207fa3708c16a80c.php]
[ May 21 2016 10:59:24 ] [var/ezdemo_site/cache/translation/116c467d302d69cc1951896fc44b1880/fre-FR/3bc69467cbdb372902370844800e8064.php]
[ May 21 2016 10:59:24 ] [var/ezdemo_site/cache/translation/116c467d302d69cc1951896fc44b1880/fre-FR/1cf4520dff524889d0f5cc8ac219d0d1.php]
[ May 21 2016 10:59:24 ] [var/ezdemo_site/cache/translation/116c467d302d69cc1951896fc44b1880/fre-FR/5fb194fe49ce0c205c10b1b2669b45d2.php]
[ May 21 2016 10:59:24 ] [var/ezdemo_site/cache/translation/116c467d302d69cc1951896fc44b1880/fre-FR/d8da37ba2022fb0569edc87ebbcd0fcd.php]
[ May 21 2016 10:59:24 ] [var/ezdemo_site/cache/translation/116c467d302d69cc1951896fc44b1880/fre-FR/b4af1deb35df99966ba615370d20df69.php]
[ May 21 2016 10:59:24 ] [var/ezdemo_site/cache/translation/116c467d302d69cc1951896fc44b1880/fre-FR/5baac6e36d2d510b84ffa965bc0e5c1d.php]
[ May 21 2016 10:59:24 ] [var/ezdemo_site/cache/translation/116c467d302d69cc1951896fc44b1880/fre-FR/dcd80b2f6dbe4f4452f0369e50e42975.php]
[ May 21 2016 10:59:24 ] [var/ezdemo_site/cache/translation/116c467d302d69cc1951896fc44b1880/fre-FR/c554081202f0522579df876fea3e245b.php]
[ May 21 2016 10:59:24 ] [var/ezdemo_site/cache/translation/116c467d302d69cc1951896fc44b1880/fre-FR/6e95492a572c3908e89deb3284c8462b.php]
[ May 21 2016 10:59:24 ] [var/ezdemo_site/cache/translation/116c467d302d69cc1951896fc44b1880/fre-FR/481518f51cf0e13018409763ff550145.php]
[ May 21 2016 10:59:24 ] [var/ezdemo_site/cache/translation/116c467d302d69cc1951896fc44b1880/fre-FR/8efd58eb43aa9bb0803848b7d2fe5c4d.php]
[ May 21 2016 10:59:24 ] [var/ezdemo_site/cache/translation/116c467d302d69cc1951896fc44b1880/fre-FR/743f115108f5ce905c7654de8c68d674.php]
[ May 21 2016 10:59:24 ] [var/ezdemo_site/cache/translation/116c467d302d69cc1951896fc44b1880/fre-FR/22fd50d21a117857dbcd6f90e51d837e.php]
[ May 21 2016 10:59:24 ] [var/ezdemo_site/cache/translation/116c467d302d69cc1951896fc44b1880/fre-FR/177522eb954ec2bb5b0cba60f6e92d02.php]
[ May 21 2016 10:59:24 ] [var/ezdemo_site/cache/translation/116c467d302d69cc1951896fc44b1880/fre-FR/8a268836a9a459c4895ee7ed7e23b894.php]
[ May 21 2016 10:59:24 ] [var/ezdemo_site/cache/translation/116c467d302d69cc1951896fc44b1880/fre-FR/ea5a8f932dd8df3d8023294c3a76030c.php]
[ May 21 2016 10:59:24 ] [var/ezdemo_site/cache/translation/116c467d302d69cc1951896fc44b1880/fre-FR/526a4b123d629561b7e4b00cf2d80405.php]
[ May 21 2016 10:59:24 ] [var/ezdemo_site/cache/translation/116c467d302d69cc1951896fc44b1880/fre-FR/650cac5072b62d063380e8a8cf627d59.php]
[ May 21 2016 10:59:24 ] [var/ezdemo_site/cache/translation/116c467d302d69cc1951896fc44b1880/fre-FR/7b5bf46247965b296929746478b2d27b.php]
[ May 21 2016 10:59:24 ] [var/ezdemo_site/cache/translation/116c467d302d69cc1951896fc44b1880/fre-FR/b12a4da1818f8abf9575a238a1c1799f.php]
[ May 21 2016 10:59:24 ] [var/ezdemo_site/cache/translation/116c467d302d69cc1951896fc44b1880/fre-FR/ee5545387875ecefdec3bb3f6305f06f.php]
[ May 21 2016 10:59:24 ] [var/ezdemo_site/cache/translation/116c467d302d69cc1951896fc44b1880/fre-FR/033ec8c971040b05a246708bf7a47415.php]
[ May 21 2016 10:59:24 ] [var/ezdemo_site/cache/translation/116c467d302d69cc1951896fc44b1880/fre-FR/f661ef919dfee1e1a8a3f3de22f983f3.php]
[ May 21 2016 10:59:24 ] [var/ezdemo_site/cache/translation/116c467d302d69cc1951896fc44b1880/fre-FR/92f3f903fd04db30616b9ee883f7c2f3.php]
[ May 21 2016 10:59:24 ] [var/ezdemo_site/cache/translation/116c467d302d69cc1951896fc44b1880/fre-FR/16adb3c916e4559a8270c7d64b5f049a.php]
[ May 21 2016 10:59:24 ] [var/ezdemo_site/cache/translation/116c467d302d69cc1951896fc44b1880/fre-FR/60a5f9cd25662ebce6e55404d1374f5a.php]
[ May 21 2016 10:59:24 ] [var/ezdemo_site/cache/translation/116c467d302d69cc1951896fc44b1880/fre-FR/74c68f8e7127d464640041d728f040f8.php]
[ May 21 2016 10:59:24 ] [var/ezdemo_site/cache/translation/116c467d302d69cc1951896fc44b1880/fre-FR/e2fea269517a000be3c7abeecbbb1e23.php]
[ May 21 2016 10:59:24 ] [var/ezdemo_site/cache/translation/116c467d302d69cc1951896fc44b1880/fre-FR/83ccfb42f55d20d73e4b576235217b58.php]
[ May 21 2016 10:59:24 ] [var/ezdemo_site/cache/translation/116c467d302d69cc1951896fc44b1880/fre-FR/048b15d8d1cf30ade58f1edc10606faa.php]
[ May 21 2016 10:59:24 ] [var/ezdemo_site/cache/translation/116c467d302d69cc1951896fc44b1880/fre-FR/fe8cc2f15d294876360d0660edb166c0.php]
[ May 21 2016 10:59:24 ] [var/ezdemo_site/cache/translation/116c467d302d69cc1951896fc44b1880/fre-FR/b669b82fa86c89ba0347702fbbcaa1ea.php]
[ May 21 2016 10:59:24 ] [var/ezdemo_site/cache/translation/116c467d302d69cc1951896fc44b1880/fre-FR/682b2b3204265eea92517398b529a718.php]
[ May 21 2016 10:59:24 ] [var/ezdemo_site/cache/translation/116c467d302d69cc1951896fc44b1880/fre-FR/5e553697f413de979176a63999c5b332.php]
[ May 21 2016 10:59:24 ] [var/ezdemo_site/cache/translation/116c467d302d69cc1951896fc44b1880/fre-FR/98e3341484d56862bf3008d746a41bec.php]
[ May 21 2016 10:59:24 ] [var/ezdemo_site/cache/translation/116c467d302d69cc1951896fc44b1880/fre-FR/c7ba62f179216b5dfc1053f40b90705e.php]
[ May 21 2016 10:59:24 ] [var/ezdemo_site/cache/translation/116c467d302d69cc1951896fc44b1880/fre-FR/840e4514c037f115f9209d5accc32c91.php]
[ May 21 2016 10:59:24 ] [var/ezdemo_site/cache/translation/116c467d302d69cc1951896fc44b1880/fre-FR/e5874e38916f291d5a4dbdaf383f8e16.php]
[ May 21 2016 10:59:24 ] [var/ezdemo_site/cache/translation/116c467d302d69cc1951896fc44b1880/fre-FR/fc87099ba273382d9d9d6e02e8636aa1.php]
[ May 21 2016 10:59:24 ] [var/ezdemo_site/cache/translation/116c467d302d69cc1951896fc44b1880/fre-FR/d692a74b82f5026cca0043ce20fe8b50.php]
[ May 21 2016 10:59:24 ] [var/ezdemo_site/cache/translation/116c467d302d69cc1951896fc44b1880/fre-FR/d59cedbd16ba4f2363ebbbffe4c62d9d.php]
[ May 21 2016 10:59:24 ] [var/ezdemo_site/cache/translation/116c467d302d69cc1951896fc44b1880/fre-FR/48cefbb85dea544796f3d2d30d3a6b91.php]
[ May 21 2016 10:59:24 ] [var/ezdemo_site/cache/translation/116c467d302d69cc1951896fc44b1880/fre-FR/810f8d0b896a58b6fbb348bf454dfeb1.php]
[ May 21 2016 10:59:24 ] [var/ezdemo_site/cache/translation/116c467d302d69cc1951896fc44b1880/fre-FR/58a6bff932c3c0c7ddec18ce6d558c55.php]
[ May 21 2016 10:59:24 ] [var/ezdemo_site/cache/translation/116c467d302d69cc1951896fc44b1880/fre-FR/4eaa925ca36d9109dcaaccb83e382d6c.php]
[ May 21 2016 10:59:24 ] [var/ezdemo_site/cache/translation/116c467d302d69cc1951896fc44b1880/fre-FR/034c207b087d544420d0c483b5db8eff.php]
[ May 21 2016 10:59:24 ] [var/ezdemo_site/cache/translation/116c467d302d69cc1951896fc44b1880/fre-FR/0b47c6fee8319051bd83acad4e7dcdcf.php]
[ May 21 2016 10:59:24 ] [var/ezdemo_site/cache/translation/116c467d302d69cc1951896fc44b1880/fre-FR/ace534c59e555cb5949cdc86d2630fd1.php]
[ May 21 2016 10:59:24 ] [var/ezdemo_site/cache/translation/116c467d302d69cc1951896fc44b1880/fre-FR/619458079c323c13dcd395bbbb892ca6.php]
[ May 21 2016 10:59:24 ] [var/ezdemo_site/cache/translation/116c467d302d69cc1951896fc44b1880/fre-FR/0bdbe183617b5b67947655b8ea75244a.php]
[ May 21 2016 10:59:24 ] [var/ezdemo_site/cache/translation/116c467d302d69cc1951896fc44b1880/fre-FR/dc90220fe89ccc717279a1feba7dc781.php]
[ May 21 2016 10:59:24 ] [var/ezdemo_site/cache/translation/116c467d302d69cc1951896fc44b1880/fre-FR/3861653a22a2ef9d0d222ee8e91bb363.php]
[ May 21 2016 10:59:24 ] [var/ezdemo_site/cache/translation/116c467d302d69cc1951896fc44b1880/fre-FR/5b945d8b827fbf4e1fe5e2488b8e72f6.php]
[ May 21 2016 10:59:24 ] [var/ezdemo_site/cache/translation/116c467d302d69cc1951896fc44b1880/fre-FR/e412e04edad8274589282bd72c95c6f3.php]
[ May 21 2016 10:59:24 ] [var/ezdemo_site/cache/translation/116c467d302d69cc1951896fc44b1880/fre-FR/d964ce325cf8cf9496dc695a88aa84af.php]
[ May 21 2016 10:59:24 ] [var/ezdemo_site/cache/translation/116c467d302d69cc1951896fc44b1880/fre-FR/211cfb0a2c1a71279285aee1a6db4227.php]
[ May 21 2016 10:59:24 ] [var/ezdemo_site/cache/translation/116c467d302d69cc1951896fc44b1880/fre-FR/73da978a57ce4180d352b6ed58c682c5.php]
[ May 21 2016 10:59:24 ] [var/ezdemo_site/cache/translation/116c467d302d69cc1951896fc44b1880/fre-FR/ca1755d2da2d81c05e51e4c05e4a2898.php]
[ May 21 2016 10:59:24 ] [var/ezdemo_site/cache/translation/116c467d302d69cc1951896fc44b1880/fre-FR/a57ab51824d3854881dc6fcc397137e2.php]
[ May 21 2016 10:59:24 ] [var/ezdemo_site/cache/translation/116c467d302d69cc1951896fc44b1880/fre-FR/4a678a8a2143f0e862904afe0d320d4f.php]
[ May 21 2016 10:59:24 ] [var/ezdemo_site/cache/translation/116c467d302d69cc1951896fc44b1880/fre-FR/966c617fe01b53ebd33538c488a290c2.php]
[ May 21 2016 10:59:24 ] [var/ezdemo_site/cache/translation/116c467d302d69cc1951896fc44b1880/fre-FR/3219f1692caaa8c877d255ede6e0ac58.php]
[ May 21 2016 10:59:24 ] [var/ezdemo_site/cache/translation/116c467d302d69cc1951896fc44b1880/fre-FR/a887d8dbc4764e7924e30ddc1f0985bc.php]
[ May 21 2016 10:59:24 ] [var/ezdemo_site/cache/translation/116c467d302d69cc1951896fc44b1880/fre-FR/f092443abe14802c7947fb020512fa4a.php]
[ May 21 2016 10:59:24 ] [var/ezdemo_site/cache/translation/116c467d302d69cc1951896fc44b1880/fre-FR/5a6417f38e80896f8f76a263c5edf518.php]
[ May 21 2016 10:59:24 ] [var/ezdemo_site/cache/translation/116c467d302d69cc1951896fc44b1880/fre-FR/51e83e33bfcdbe9a9c42704adf4d7a5b.php]
[ May 21 2016 10:59:24 ] [var/ezdemo_site/cache/translation/116c467d302d69cc1951896fc44b1880/fre-FR/4813b4ee534f379bdda4aaca6af3a45c.php]
[ May 21 2016 10:59:24 ] [var/ezdemo_site/cache/translation/116c467d302d69cc1951896fc44b1880/fre-FR/ed8d2c84bf0c51b51c261a84f3383137.php]
[ May 21 2016 10:59:24 ] [var/ezdemo_site/cache/translation/116c467d302d69cc1951896fc44b1880/fre-FR/1c5982ac18b9ac86df25eb83747139c6.php]
[ May 21 2016 10:59:24 ] [var/ezdemo_site/cache/translation/116c467d302d69cc1951896fc44b1880/fre-FR/62e939e363309f3534dfce17c0589e64.php]
[ May 21 2016 10:59:24 ] [var/ezdemo_site/cache/translation/116c467d302d69cc1951896fc44b1880/fre-FR/53f7dc8d28d0841b92a5e6c145999979.php]
[ May 21 2016 10:59:24 ] [var/ezdemo_site/cache/translation/116c467d302d69cc1951896fc44b1880/fre-FR/fbb5a6111b5789297e49ece905ee184a.php]
[ May 21 2016 10:59:24 ] [var/ezdemo_site/cache/translation/116c467d302d69cc1951896fc44b1880/fre-FR/1145c0945ef7cb889f04c6848f9558d8.php]
[ May 21 2016 10:59:24 ] [var/ezdemo_site/cache/translation/116c467d302d69cc1951896fc44b1880/fre-FR/04447381f1bb79201d83d33d4c2a8482.php]
[ May 21 2016 10:59:24 ] [var/ezdemo_site/cache/translation/116c467d302d69cc1951896fc44b1880/fre-FR/edf9463d2da34b298da6b9033e58ebb6.php]
[ May 21 2016 10:59:24 ] [var/ezdemo_site/cache/translation/116c467d302d69cc1951896fc44b1880/fre-FR/5dc2ebeb4846b6f76cd823c45c97e496.php]
[ May 21 2016 10:59:24 ] [var/ezdemo_site/cache/translation/116c467d302d69cc1951896fc44b1880/fre-FR/1078fefd6e15a9b3ccc57a2e36f1af65.php]
[ May 21 2016 10:59:24 ] [var/ezdemo_site/cache/translation/116c467d302d69cc1951896fc44b1880/fre-FR/3f0cd8bd6357814b5b4d99039b8b08a7.php]
[ May 21 2016 10:59:24 ] [var/ezdemo_site/cache/translation/116c467d302d69cc1951896fc44b1880/fre-FR/dbf394fc6ead71ebb018b39a4fa74ae7.php]
[ May 21 2016 10:59:24 ] [var/ezdemo_site/cache/translation/116c467d302d69cc1951896fc44b1880/fre-FR/198086efef193207864b822957904525.php]
[ May 21 2016 10:59:24 ] [var/ezdemo_site/cache/translation/116c467d302d69cc1951896fc44b1880/fre-FR/6cb0fed6ad5626899906f4f583766c58.php]
[ May 21 2016 10:59:24 ] [var/ezdemo_site/cache/translation/116c467d302d69cc1951896fc44b1880/fre-FR/96c7b714a4d5a2df74c02afc68fcb9a1.php]
[ May 21 2016 10:59:24 ] [var/ezdemo_site/cache/translation/116c467d302d69cc1951896fc44b1880/fre-FR/02b4c7c4d99e422826033c1eee63713a.php]
[ May 21 2016 10:59:24 ] [var/ezdemo_site/cache/translation/116c467d302d69cc1951896fc44b1880/fre-FR/ee5a22a1a6f16be26d31841478edf256.php]
[ May 21 2016 10:59:24 ] [var/ezdemo_site/cache/translation/116c467d302d69cc1951896fc44b1880/fre-FR/f75b072a78c4e622073867eefea9f082.php]
[ May 21 2016 10:59:24 ] [var/ezdemo_site/cache/translation/116c467d302d69cc1951896fc44b1880/fre-FR/4f06e99615787d9f912208791ea2547d.php]
[ May 21 2016 10:59:24 ] [var/ezdemo_site/cache/translation/116c467d302d69cc1951896fc44b1880/fre-FR/fc0090815e08137b8c3ec3e3d7bc29d3.php]
[ May 21 2016 10:59:24 ] [var/ezdemo_site/cache/translation/116c467d302d69cc1951896fc44b1880/fre-FR/8b5bad26f56da5404f0d304a328b2764.php]
[ May 21 2016 10:59:24 ] [var/ezdemo_site/cache/translation/116c467d302d69cc1951896fc44b1880/fre-FR/5feae4960fd85d5df7ea75aa0e56404a.php]
[ May 21 2016 10:59:24 ] [var/ezdemo_site/cache/translation/116c467d302d69cc1951896fc44b1880/fre-FR/88fcedd1f513076ed93ec96118d5f65a.php]
[ May 21 2016 10:59:24 ] [var/ezdemo_site/cache/translation/116c467d302d69cc1951896fc44b1880/fre-FR/dca8a984578e36f2416652ad91eaf2d9.php]
[ May 21 2016 10:59:24 ] [var/ezdemo_site/cache/translation/116c467d302d69cc1951896fc44b1880/fre-FR/828e0013b8f3bc1bb22b4f57172b019d.php]
[ May 21 2016 10:59:24 ] [var/ezdemo_site/cache/translation/116c467d302d69cc1951896fc44b1880/fre-FR/a1c5b6799ca08dd4c0f452eaaff39663.php]
[ May 21 2016 10:59:24 ] [var/ezdemo_site/cache/translation/116c467d302d69cc1951896fc44b1880/fre-FR/947f5e65113922df4d333ca99cab8309.php]
[ May 21 2016 10:59:24 ] [var/ezdemo_site/cache/translation/116c467d302d69cc1951896fc44b1880/fre-FR/808592343efcffd50917e16ef4d20f46.php]
[ May 21 2016 10:59:24 ] [var/ezdemo_site/cache/translation/116c467d302d69cc1951896fc44b1880/fre-FR/d907f72490bb0d76c6569a105d90b065.php]
[ May 21 2016 10:59:24 ] [var/ezdemo_site/cache/translation/116c467d302d69cc1951896fc44b1880/fre-FR/51d7a48eaf39f1770bd957ba41c5740b.php]
[ May 21 2016 10:59:24 ] [var/ezdemo_site/cache/translation/116c467d302d69cc1951896fc44b1880/fre-FR/acb401144ab1149999cbd5eed7b010a2.php]
[ May 21 2016 10:59:24 ] [var/ezdemo_site/cache/translation/116c467d302d69cc1951896fc44b1880/fre-FR/5eebdfc025ab9746b67ace94624f2e53.php]
[ May 21 2016 10:59:24 ] [var/ezdemo_site/cache/translation/116c467d302d69cc1951896fc44b1880/fre-FR/e10fee5c5acba0b34e1df0529cdcfde5.php]
[ May 21 2016 10:59:24 ] [var/ezdemo_site/cache/translation/116c467d302d69cc1951896fc44b1880/fre-FR/fea0fda6c1f5eb1951024fcf7de960b5.php]
[ May 21 2016 10:59:24 ] [var/ezdemo_site/cache/translation/116c467d302d69cc1951896fc44b1880/fre-FR/a84224d50c65a16ea6a40ef09b1966a1.php]
[ May 21 2016 10:59:24 ] [var/ezdemo_site/cache/translation/116c467d302d69cc1951896fc44b1880/fre-FR/d404898fb7ce393d1aedd6c371b5ebc8.php]
[ May 21 2016 10:59:24 ] [var/ezdemo_site/cache/translation/116c467d302d69cc1951896fc44b1880/fre-FR/b4e80e7b25ffa5e4b0c72587e70b0d34.php]
[ May 21 2016 10:59:24 ] [var/ezdemo_site/cache/translation/116c467d302d69cc1951896fc44b1880/fre-FR/5aee0e618bd6bef601f89f51aecbd025.php]
[ May 21 2016 10:59:24 ] [var/ezdemo_site/cache/translation/116c467d302d69cc1951896fc44b1880/fre-FR/cb4b72228ee7f3ff89fbcaa6c480e7de.php]
[ May 21 2016 10:59:24 ] [var/ezdemo_site/cache/translation/116c467d302d69cc1951896fc44b1880/fre-FR/d22b7dcecf868ff4cc313182dd858614.php]
[ May 21 2016 10:59:24 ] [var/ezdemo_site/cache/translation/116c467d302d69cc1951896fc44b1880/fre-FR/6b649d027be2d84da09a6fae41e1f0b6.php]
[ May 21 2016 10:59:24 ] [var/ezdemo_site/cache/translation/116c467d302d69cc1951896fc44b1880/fre-FR/68ccdf2ce466c97767e3707085d82d6a.php]
[ May 21 2016 10:59:24 ] [var/ezdemo_site/cache/translation/116c467d302d69cc1951896fc44b1880/fre-FR/04dca09b8d23ec968fe22545dd8d14d8.php]
[ May 21 2016 10:59:24 ] [var/ezdemo_site/cache/translation/116c467d302d69cc1951896fc44b1880/fre-FR/e8663b1fe56ad337f33eeec0e00e17e0.php]
[ May 21 2016 10:59:24 ] [var/ezdemo_site/cache/translation/116c467d302d69cc1951896fc44b1880/fre-FR/dfb775b0ae68820c4b66d441b905e6bd.php]
[ May 21 2016 10:59:24 ] [var/ezdemo_site/cache/translation/116c467d302d69cc1951896fc44b1880/fre-FR/cc5fbe87ac206a4423aad09b47307734.php]
[ May 21 2016 10:59:24 ] [var/ezdemo_site/cache/translation/116c467d302d69cc1951896fc44b1880/fre-FR/16babe37407ceb2929f14ee9ef346496.php]
[ May 21 2016 10:59:24 ] [var/ezdemo_site/cache/translation/116c467d302d69cc1951896fc44b1880/fre-FR/32a2d8891b0b5184e5234727b2ef27c9.php]
[ May 21 2016 10:59:24 ] [var/ezdemo_site/cache/translation/116c467d302d69cc1951896fc44b1880/fre-FR/b5cf7a1e1707f09304b95b5b5f5eec2b.php]
[ May 21 2016 10:59:24 ] [var/ezdemo_site/cache/translation/116c467d302d69cc1951896fc44b1880/fre-FR/f11e2058ebf13fc6f3b8f0407bc5defc.php]
[ May 21 2016 10:59:24 ] [var/ezdemo_site/cache/translation/116c467d302d69cc1951896fc44b1880/fre-FR/8cbfb675fbe502cb98049f794e8bdd67.php]
[ May 21 2016 10:59:24 ] [var/ezdemo_site/cache/translation/116c467d302d69cc1951896fc44b1880/fre-FR/3fdb2a9f332190ae5ea5837cc8fd6cee.php]
[ May 21 2016 10:59:24 ] [var/ezdemo_site/cache/translation/116c467d302d69cc1951896fc44b1880/fre-FR/c3bb2bdd47ccbcef83bc9dbd70b4788e.php]
[ May 21 2016 10:59:24 ] [var/ezdemo_site/cache/translation/116c467d302d69cc1951896fc44b1880/fre-FR/3d45c6966d668750520ab85f95725752.php]
[ May 21 2016 10:59:24 ] [var/ezdemo_site/cache/translation/116c467d302d69cc1951896fc44b1880/fre-FR/586568b4fde98821eda27d47cf680c8f.php]
[ May 21 2016 10:59:24 ] [var/ezdemo_site/cache/translation/116c467d302d69cc1951896fc44b1880/fre-FR/aeb1dd8f300950dd3b22b753cf6caea9.php]
[ May 21 2016 10:59:24 ] [var/ezdemo_site/cache/translation/116c467d302d69cc1951896fc44b1880/fre-FR/2ebcc3cf1ed57c935ff0249254b6bf0a.php]
[ May 21 2016 10:59:24 ] [var/ezdemo_site/cache/translation/116c467d302d69cc1951896fc44b1880/fre-FR/8a838fef5f48b7bcb88a07433892888d.php]
[ May 21 2016 10:59:24 ] [var/ezdemo_site/cache/translation/116c467d302d69cc1951896fc44b1880/fre-FR/b12a2feffd188190c77c9e02eec03bf7.php]
[ May 21 2016 10:59:24 ] [var/ezdemo_site/cache/translation/116c467d302d69cc1951896fc44b1880/fre-FR/8daf2796ce912ec123fee8c75d107449.php]
[ May 21 2016 10:59:24 ] [var/ezdemo_site/cache/translation/116c467d302d69cc1951896fc44b1880/fre-FR/0b1f59fe6e77e247af1eec110054af4c.php]
[ May 21 2016 10:59:24 ] [var/ezdemo_site/cache/translation/116c467d302d69cc1951896fc44b1880/fre-FR/a0677499c8a089b8297e420105df3f8b.php]
[ May 21 2016 10:59:24 ] [var/ezdemo_site/cache/translation/116c467d302d69cc1951896fc44b1880/fre-FR/b007ba4ccffd867b17d6c240331312f5.php]
[ May 21 2016 10:59:24 ] [var/ezdemo_site/cache/translation/116c467d302d69cc1951896fc44b1880/fre-FR/36b1bd4f7091aed2e9fc814eb3471d52.php]
[ May 21 2016 10:59:24 ] [var/ezdemo_site/cache/translation/116c467d302d69cc1951896fc44b1880/fre-FR/ebe57ebf65da8f6d5045116e346d6c57.php]
[ May 21 2016 10:59:24 ] [var/ezdemo_site/cache/translation/116c467d302d69cc1951896fc44b1880/fre-FR/79bce2538b9d7810eeb2179f86f7ad7f.php]
[ May 21 2016 10:59:24 ] [var/ezdemo_site/cache/translation/116c467d302d69cc1951896fc44b1880/fre-FR/c7893e69d8d39407ae0dd1bae18e85c5.php]
[ May 21 2016 10:59:24 ] [var/ezdemo_site/cache/translation/116c467d302d69cc1951896fc44b1880/fre-FR/57922bb4c07907dd3d32869650fadb67.php]
[ May 21 2016 10:59:24 ] [var/ezdemo_site/cache/translation/116c467d302d69cc1951896fc44b1880/fre-FR/26e9398785407db433c986f10f49531e.php]
[ May 21 2016 10:59:24 ] [var/ezdemo_site/cache/translation/116c467d302d69cc1951896fc44b1880/fre-FR/e16b29539b04e276cdcc20b5a7de3da4.php]
[ May 21 2016 10:59:24 ] [var/ezdemo_site/cache/translation/116c467d302d69cc1951896fc44b1880/fre-FR/6e2cc964027cc18ae365b6276e77911a.php]
[ May 21 2016 10:59:24 ] [var/ezdemo_site/cache/translation/116c467d302d69cc1951896fc44b1880/fre-FR/3f8e28b6defc3223d4bc504fb0cfc6e1.php]
[ May 21 2016 10:59:24 ] [var/ezdemo_site/cache/translation/116c467d302d69cc1951896fc44b1880/fre-FR/af179b2a337389cd60a919c8dc9f74e1.php]
[ May 21 2016 10:59:24 ] [var/ezdemo_site/cache/translation/116c467d302d69cc1951896fc44b1880/fre-FR/0ceacd617cb763b4a591930439d3df31.php]
[ May 21 2016 10:59:24 ] [var/ezdemo_site/cache/translation/116c467d302d69cc1951896fc44b1880/fre-FR/ed4047cd0854495daa231729c6ffb2bf.php]
[ May 21 2016 10:59:24 ] [var/ezdemo_site/cache/translation/116c467d302d69cc1951896fc44b1880/fre-FR/3b41be3ba98187a6feb51f53d333523b.php]
[ May 21 2016 10:59:24 ] [var/ezdemo_site/cache/translation/116c467d302d69cc1951896fc44b1880/fre-FR/c38a1a2140f912675c3739c84f91faf7.php]
[ May 21 2016 10:59:24 ] [var/ezdemo_site/cache/translation/116c467d302d69cc1951896fc44b1880/fre-FR/1b8d9daee84fbbab409d05664015ceaf.php]
[ May 21 2016 10:59:24 ] [var/ezdemo_site/cache/translation/116c467d302d69cc1951896fc44b1880/fre-FR/0a3ffcb24aaf53d2768e6ec4e5e87de2.php]
[ May 21 2016 10:59:24 ] [var/ezdemo_site/cache/translation/116c467d302d69cc1951896fc44b1880/fre-FR/e69a71c1d740177b35f7920066592cff.php]
[ May 21 2016 10:59:24 ] [var/ezdemo_site/cache/translation/116c467d302d69cc1951896fc44b1880/fre-FR/0451bdfcbf48eed8ccb374f1332e2d10.php]
[ May 21 2016 10:59:24 ] [var/ezdemo_site/cache/translation/116c467d302d69cc1951896fc44b1880/fre-FR/3d04371854761dfd6f068b19a2881d7e.php]
[ May 21 2016 10:59:24 ] [var/ezdemo_site/cache/translation/116c467d302d69cc1951896fc44b1880/fre-FR/26cfc1fbb9ab0f50d465c0efed9b5a72.php]
[ May 21 2016 10:59:24 ] [var/ezdemo_site/cache/translation/116c467d302d69cc1951896fc44b1880/fre-FR/a69d9b97bd9cf1f303f6eaeb07bc5934.php]
[ May 21 2016 10:59:24 ] [var/ezdemo_site/cache/translation/116c467d302d69cc1951896fc44b1880/fre-FR/f73ca849cc850e4c759392af91700cae.php]
[ May 21 2016 10:59:24 ] [var/ezdemo_site/cache/translation/116c467d302d69cc1951896fc44b1880/fre-FR/ac59be445f74d45ff9b9a5889f18e94b.php]
[ May 21 2016 10:59:24 ] [var/ezdemo_site/cache/translation/116c467d302d69cc1951896fc44b1880/fre-FR/306a256390f6b6cab38739bb1cc6a815.php]
[ May 21 2016 10:59:24 ] [var/ezdemo_site/cache/translation/116c467d302d69cc1951896fc44b1880/fre-FR/3602884c40bb149044b1575e7b2f2576.php]
[ May 21 2016 10:59:24 ] [var/ezdemo_site/cache/translation/116c467d302d69cc1951896fc44b1880/fre-FR/fb54f3c5992b96d001bb16e8e92d968d.php]
[ May 21 2016 10:59:24 ] [var/ezdemo_site/cache/translation/116c467d302d69cc1951896fc44b1880/fre-FR/97a6d738ccb6e22d6e69e6e93f5f8733.php]
[ May 21 2016 10:59:24 ] [var/ezdemo_site/cache/translation/116c467d302d69cc1951896fc44b1880/fre-FR/786a18746cb80644d91ee33addd0cbd7.php]
[ May 21 2016 10:59:24 ] [var/ezdemo_site/cache/translation/116c467d302d69cc1951896fc44b1880/fre-FR/5b473662fe967c9c15962cdda3d6f289.php]
[ May 21 2016 10:59:24 ] [var/ezdemo_site/cache/translation/116c467d302d69cc1951896fc44b1880/fre-FR/876688d450a234bc5695ab47e8d97d04.php]
[ May 21 2016 10:59:24 ] [var/ezdemo_site/cache/translation/116c467d302d69cc1951896fc44b1880/fre-FR/2280d283fbf86707ba58918e804a9ed5.php]
[ May 21 2016 10:59:24 ] [var/ezdemo_site/cache/translation/116c467d302d69cc1951896fc44b1880/fre-FR/cf2f6a9b7e6c398b55f39c4d373e8da9.php]
[ May 21 2016 10:59:24 ] [var/ezdemo_site/cache/translation/116c467d302d69cc1951896fc44b1880/fre-FR/8238a93577d09321d5b6249f55911355.php]
[ May 21 2016 10:59:24 ] [var/ezdemo_site/cache/translation/116c467d302d69cc1951896fc44b1880/fre-FR/c9ec4aa003394cc928ae7dc6b3979219.php]
[ May 21 2016 10:59:24 ] [var/ezdemo_site/cache/translation/116c467d302d69cc1951896fc44b1880/fre-FR/c634e876367d4d820497284198d0d572.php]
[ May 21 2016 10:59:24 ] [var/ezdemo_site/cache/translation/116c467d302d69cc1951896fc44b1880/fre-FR/bbdbe3520bf43b7bfc5ccef1f7a322d4.php]
[ May 21 2016 10:59:24 ] [var/ezdemo_site/cache/translation/116c467d302d69cc1951896fc44b1880/fre-FR/c30f1addce86ea1e460d9c08753b0c24.php]
[ May 21 2016 10:59:24 ] [var/ezdemo_site/cache/translation/116c467d302d69cc1951896fc44b1880/fre-FR/93ab4e5df65fa3865d677134ef74ab7a.php]
[ May 21 2016 10:59:24 ] [var/ezdemo_site/cache/translation/116c467d302d69cc1951896fc44b1880/fre-FR/295c4fbb37f38bf568456a926f739e3b.php]
[ May 21 2016 10:59:24 ] [var/ezdemo_site/cache/translation/116c467d302d69cc1951896fc44b1880/fre-FR/b26b0d2471d0a1146a9d08e901594c82.php]
[ May 21 2016 10:59:24 ] [var/ezdemo_site/cache/translation/116c467d302d69cc1951896fc44b1880/fre-FR/10dd0b2573488660bf6d1c4e7765ba61.php]
[ May 21 2016 10:59:24 ] [var/ezdemo_site/cache/translation/116c467d302d69cc1951896fc44b1880/fre-FR/6717da878c9faa8e6b074b79f6fff8fb.php]
[ May 21 2016 10:59:24 ] [var/ezdemo_site/cache/translation/116c467d302d69cc1951896fc44b1880/fre-FR/0cde739ca931dd01606ee43262c79ff1.php]
[ May 21 2016 10:59:24 ] [var/ezdemo_site/cache/translation/116c467d302d69cc1951896fc44b1880/fre-FR/22dccd9a5e3e160f3bbf41629d2b7e2c.php]
[ May 21 2016 10:59:24 ] [var/ezdemo_site/cache/translation/116c467d302d69cc1951896fc44b1880/fre-FR/a6b9a8e9593edd58cf755d7ebc914824.php]
[ May 21 2016 10:59:24 ] [var/ezdemo_site/cache/translation/116c467d302d69cc1951896fc44b1880/fre-FR/788b1ec6308e62b0949edf7937a9f5da.php]
[ May 21 2016 10:59:24 ] [var/ezdemo_site/cache/translation/116c467d302d69cc1951896fc44b1880/fre-FR/6c7b0c9d06997594485937b631cd44b4.php]
[ May 21 2016 10:59:24 ] [var/ezdemo_site/cache/translation/116c467d302d69cc1951896fc44b1880/fre-FR/1a8a8f30faa830d324c69f425c912b48.php]
[ May 21 2016 10:59:24 ] [var/ezdemo_site/cache/translation/116c467d302d69cc1951896fc44b1880/fre-FR/ba310ac8d995cd97a69dbb11b6c7aa83.php]
[ May 21 2016 10:59:24 ] [var/ezdemo_site/cache/translation/116c467d302d69cc1951896fc44b1880/fre-FR/130ecba81ad07c8f359709b77cc81fc5.php]
[ May 21 2016 10:59:24 ] [var/ezdemo_site/cache/translation/116c467d302d69cc1951896fc44b1880/fre-FR/cd84ba044098fcd3320590e02ced5aca.php]
[ May 21 2016 10:59:24 ] [var/ezdemo_site/cache/translation/116c467d302d69cc1951896fc44b1880/fre-FR/dd03bd5102bf91aca77a97c27a28701c.php]
[ May 21 2016 10:59:24 ] [var/ezdemo_site/cache/translation/116c467d302d69cc1951896fc44b1880/fre-FR/03112d888342b8abfc0afa0003ad16d5.php]
[ May 21 2016 10:59:24 ] [var/ezdemo_site/cache/translation/116c467d302d69cc1951896fc44b1880/fre-FR/043e2a67b8b08b763504ea58cafc8ed0.php]
[ May 21 2016 10:59:24 ] [var/ezdemo_site/cache/translation/116c467d302d69cc1951896fc44b1880/fre-FR/edcf89071e1bcf6d26a90f6ed9e3e478.php]
[ May 21 2016 10:59:24 ] [var/ezdemo_site/cache/translation/116c467d302d69cc1951896fc44b1880/fre-FR/52da5d1c9888a59b58fa795253929c2a.php]
[ May 21 2016 10:59:24 ] [var/ezdemo_site/cache/translation/116c467d302d69cc1951896fc44b1880/fre-FR/8d4bb8df93f34821ffeb3890baf02864.php]
[ May 21 2016 10:59:24 ] [var/ezdemo_site/cache/translation/116c467d302d69cc1951896fc44b1880/fre-FR/d712502e0e7956e457bc4f9b084dce8e.php]
[ May 21 2016 10:59:24 ] [var/ezdemo_site/cache/translation/116c467d302d69cc1951896fc44b1880/fre-FR/d453b354b2dc85c22291ad6c9f8964ec.php]
[ May 21 2016 10:59:24 ] [var/ezdemo_site/cache/translation/116c467d302d69cc1951896fc44b1880/fre-FR/76f25c8abb7c696e9a0fcc22158ebf6b.php]
[ May 21 2016 10:59:24 ] [var/ezdemo_site/cache/translation/116c467d302d69cc1951896fc44b1880/fre-FR/09ff4540112cc63dc56bdf5c1fae09ff.php]
[ May 21 2016 10:59:24 ] [var/ezdemo_site/cache/translation/116c467d302d69cc1951896fc44b1880/fre-FR/1e9908b162b5cb0185154993f55cde4c.php]
[ May 21 2016 10:59:24 ] [var/ezdemo_site/cache/translation/116c467d302d69cc1951896fc44b1880/fre-FR/d5cdacfda81e0980523f409d5b12b118.php]
[ May 21 2016 10:59:24 ] [var/ezdemo_site/cache/translation/116c467d302d69cc1951896fc44b1880/fre-FR/27dd985db3e96c75854c05112c5eaefb.php]
[ May 21 2016 10:59:24 ] [var/ezdemo_site/cache/translation/116c467d302d69cc1951896fc44b1880/fre-FR/5c9bf0a23833634f0ccf85e0cd28188b.php]
[ May 21 2016 10:59:24 ] [var/ezdemo_site/cache/translation/116c467d302d69cc1951896fc44b1880/fre-FR/95743c8c8673f7dfd8aa1d934446a37f.php]
[ May 21 2016 10:59:24 ] [var/ezdemo_site/cache/translation/116c467d302d69cc1951896fc44b1880/fre-FR/30e9784718f74931528642d131a29a7f.php]
[ May 21 2016 10:59:24 ] [var/ezdemo_site/cache/translation/116c467d302d69cc1951896fc44b1880/fre-FR/cdf0b8b7da1e8c6fa4e0bf2119d78f93.php]
[ May 21 2016 10:59:24 ] [var/ezdemo_site/cache/translation/116c467d302d69cc1951896fc44b1880/fre-FR/f164fc9ab630de689c2c50626b0f47c7.php]
[ May 21 2016 10:59:24 ] [var/ezdemo_site/cache/translation/116c467d302d69cc1951896fc44b1880/fre-FR/141656db8164c49ef9516b2c5e3dd1cf.php]
[ May 21 2016 10:59:24 ] [var/ezdemo_site/cache/translation/116c467d302d69cc1951896fc44b1880/fre-FR/7a591d6df625787ce32b1d6c3f141950.php]
[ May 21 2016 10:59:24 ] [var/ezdemo_site/cache/translation/116c467d302d69cc1951896fc44b1880/fre-FR/23fb6f4771c74209f2f711fbdd673c64.php]
[ May 21 2016 10:59:24 ] [var/ezdemo_site/cache/translation/116c467d302d69cc1951896fc44b1880/fre-FR/9a19f485b6d9b01357c4c9871a9feb61.php]
[ May 21 2016 10:59:24 ] [var/ezdemo_site/cache/translation/116c467d302d69cc1951896fc44b1880/fre-FR/7e948d90a13c80699e89a4e6c78178c8.php]
[ May 21 2016 10:59:24 ] [var/ezdemo_site/cache/translation/116c467d302d69cc1951896fc44b1880/fre-FR/384936926e4ef524599cfe70fa6bb06b.php]
[ May 21 2016 10:59:24 ] [var/ezdemo_site/cache/translation/116c467d302d69cc1951896fc44b1880/fre-FR/a8941b6453289ea4de86f8413383556b.php]
[ May 21 2016 10:59:24 ] [var/ezdemo_site/cache/translation/116c467d302d69cc1951896fc44b1880/fre-FR/3ed4e90119c92d6eb8e36f0650035cc1.php]
[ May 21 2016 10:59:24 ] [var/ezdemo_site/cache/translation/116c467d302d69cc1951896fc44b1880/fre-FR/3603204bf9e42bd8a31dab42d867c130.php]
[ May 21 2016 10:59:24 ] [var/ezdemo_site/cache/translation/116c467d302d69cc1951896fc44b1880/fre-FR/98640469c6187b194d1b1070a9189a4a.php]
[ May 21 2016 10:59:24 ] [var/ezdemo_site/cache/translation/116c467d302d69cc1951896fc44b1880/fre-FR/9b762cb72be7d9b64acb731fdb0a9d35.php]
[ May 21 2016 10:59:24 ] [var/ezdemo_site/cache/translation/116c467d302d69cc1951896fc44b1880/fre-FR/d1b88b4df88ff35f3aeed8fba9cc1e84.php]
[ May 21 2016 10:59:24 ] [var/ezdemo_site/cache/translation/116c467d302d69cc1951896fc44b1880/fre-FR/5a126a090ef202724edc24c6870f8d1b.php]
[ May 21 2016 10:59:24 ] [var/ezdemo_site/cache/translation/116c467d302d69cc1951896fc44b1880/fre-FR/44959b042a0cbb108e50eeed2015f110.php]
[ May 21 2016 10:59:24 ] [var/ezdemo_site/cache/translation/116c467d302d69cc1951896fc44b1880/fre-FR/d2a47f84c422bcff80175da21e4af7bb.php]
[ May 21 2016 10:59:24 ] [var/ezdemo_site/cache/translation/116c467d302d69cc1951896fc44b1880/fre-FR/f3d258115c21b07b16314e6170592c42.php]
[ May 21 2016 10:59:24 ] [var/ezdemo_site/cache/translation/116c467d302d69cc1951896fc44b1880/fre-FR/0213f53a976c24e4e5d27f5e0882e78b.php]
[ May 21 2016 10:59:24 ] [var/ezdemo_site/cache/translation/116c467d302d69cc1951896fc44b1880/fre-FR/c08585f9ecb2f7459207a61d6fd6a834.php]
[ May 21 2016 10:59:24 ] [var/ezdemo_site/cache/translation/116c467d302d69cc1951896fc44b1880/fre-FR/3da0da7a53e79027bfffad0bc025742e.php]
[ May 21 2016 10:59:24 ] [var/ezdemo_site/cache/translation/116c467d302d69cc1951896fc44b1880/fre-FR/43b7c7a881dd7a3c7655c3b438eafed9.php]
[ May 21 2016 10:59:24 ] [var/ezdemo_site/cache/translation/116c467d302d69cc1951896fc44b1880/fre-FR/ceebace221a3f040350b1bbbb43149af.php]
[ May 21 2016 10:59:24 ] [var/ezdemo_site/cache/translation/116c467d302d69cc1951896fc44b1880/fre-FR/85828741a050cee25531e6be8fcb199e.php]
[ May 21 2016 10:59:24 ] [var/ezdemo_site/cache/translation/116c467d302d69cc1951896fc44b1880/fre-FR/ebdb912265b0e241942943e6e8a0f55a.php]
[ May 21 2016 10:59:24 ] [var/ezdemo_site/cache/translation/116c467d302d69cc1951896fc44b1880/fre-FR/7e4274a124028403aef89426550fdbe9.php]
[ May 21 2016 10:59:24 ] [var/ezdemo_site/cache/translation/116c467d302d69cc1951896fc44b1880/fre-FR/cb6ee725b09ab6adf1077ff87da660de.php]
[ May 21 2016 10:59:24 ] [var/ezdemo_site/cache/translation/116c467d302d69cc1951896fc44b1880/fre-FR/1fdfe473fe22d558883314a155c3fcb0.php]
[ May 21 2016 10:59:24 ] [var/ezdemo_site/cache/translation/116c467d302d69cc1951896fc44b1880/fre-FR/81e9c41fe33f0a579133fac606f9b088.php]
[ May 21 2016 10:59:24 ] [var/ezdemo_site/cache/translation/116c467d302d69cc1951896fc44b1880/fre-FR/9beaec8841a7f17e9b8060956ddba0bf.php]
[ May 21 2016 10:59:24 ] [var/ezdemo_site/cache/translation/116c467d302d69cc1951896fc44b1880/fre-FR/65a590810a6b15d105f0cf54c2914ec2.php]
[ May 21 2016 10:59:24 ] [var/ezdemo_site/cache/translation/116c467d302d69cc1951896fc44b1880/fre-FR/8b9e00ef95b328f3bc9ad189e3fbef69.php]
[ May 21 2016 10:59:24 ] [var/ezdemo_site/cache/translation/116c467d302d69cc1951896fc44b1880/fre-FR/fe64ab23857694aada4495afb7303f60.php]
[ May 21 2016 10:59:24 ] [var/ezdemo_site/cache/translation/116c467d302d69cc1951896fc44b1880/fre-FR/b497973e6290cbc59d96f3351b01a570.php]
[ May 21 2016 10:59:24 ] [var/ezdemo_site/cache/translation/116c467d302d69cc1951896fc44b1880/fre-FR/d7fdef111b3050120fd4b57d07ff43b0.php]
[ May 21 2016 10:59:24 ] [var/ezdemo_site/cache/translation/116c467d302d69cc1951896fc44b1880/fre-FR/c4aa9dcaa8f74c0b76167c649300e805.php]
[ May 21 2016 10:59:24 ] [var/ezdemo_site/cache/translation/116c467d302d69cc1951896fc44b1880/fre-FR/5cf6c59f4479eb6dc20c0e8a55373d06.php]
[ May 21 2016 10:59:24 ] [var/ezdemo_site/cache/translation/116c467d302d69cc1951896fc44b1880/fre-FR/e705e72d95b729e7ed9dbaf8fa8ddf79.php]
[ May 21 2016 10:59:24 ] [var/ezdemo_site/cache/translation/116c467d302d69cc1951896fc44b1880/fre-FR/16bf746d0b4ab2c5925f1f8f2c0931cc.php]
[ May 21 2016 10:59:24 ] [var/ezdemo_site/cache/translation/116c467d302d69cc1951896fc44b1880/fre-FR/09fdf5f333e0a37f9104bc21dd40469a.php]
[ May 21 2016 10:59:24 ] [var/ezdemo_site/cache/translation/116c467d302d69cc1951896fc44b1880/fre-FR/cbfa40d63983e1e305b9f71d028ea788.php]
[ May 21 2016 10:59:24 ] [var/ezdemo_site/cache/translation/116c467d302d69cc1951896fc44b1880/fre-FR/b9231492e6c61375248e2c23a76deada.php]
[ May 21 2016 10:59:24 ] [var/ezdemo_site/cache/translation/116c467d302d69cc1951896fc44b1880/fre-FR/583a1d19c0064c11505054aa6e3622a8.php]
[ May 21 2016 10:59:24 ] [var/ezdemo_site/cache/translation/116c467d302d69cc1951896fc44b1880/fre-FR/0d965bbc3f471be488fc7b48ef4dbea6.php]
[ May 21 2016 10:59:24 ] [var/ezdemo_site/cache/translation/116c467d302d69cc1951896fc44b1880/fre-FR/fd5fbc3896c606fa2f70241f5afb0c65.php]
[ May 21 2016 10:59:24 ] [var/ezdemo_site/cache/translation/116c467d302d69cc1951896fc44b1880/fre-FR/53785d12594f96d3260f299cd21efd0e.php]
[ May 21 2016 10:59:24 ] [var/ezdemo_site/cache/translation/116c467d302d69cc1951896fc44b1880/fre-FR/7c8c4ee747fac9b6c4041fddcb17faee.php]
[ May 21 2016 10:59:24 ] [var/ezdemo_site/cache/translation/116c467d302d69cc1951896fc44b1880/fre-FR/011c5e4802aab0351b2cf0b69bcba80a.php]
[ May 21 2016 10:59:24 ] [var/ezdemo_site/cache/translation/116c467d302d69cc1951896fc44b1880/fre-FR/30cd5d0c5c66843fb7e56fdd9112e3ac.php]
[ May 21 2016 10:59:24 ] [var/ezdemo_site/cache/translation/116c467d302d69cc1951896fc44b1880/fre-FR/489440a37ced19c0d2256528fe4eba6e.php]
[ May 21 2016 10:59:24 ] [var/ezdemo_site/cache/translation/116c467d302d69cc1951896fc44b1880/fre-FR/5934391cdd08bf26d967a21feee14b6f.php]
[ May 21 2016 10:59:24 ] [var/ezdemo_site/cache/translation/116c467d302d69cc1951896fc44b1880/fre-FR/deb9272aa4bf42019802a5b4ed3ef96b.php]
[ May 21 2016 10:59:24 ] [var/ezdemo_site/cache/translation/116c467d302d69cc1951896fc44b1880/fre-FR/0fca10ecb54f33505fd8765d52457bcc.php]
[ May 21 2016 10:59:24 ] [var/ezdemo_site/cache/translation/116c467d302d69cc1951896fc44b1880/fre-FR/91071490889b08018d0d078e266abd53.php]
[ May 21 2016 10:59:24 ] [var/ezdemo_site/cache/translation/116c467d302d69cc1951896fc44b1880/fre-FR/b518c96d95c122006fb791578c89c704.php]
[ May 21 2016 10:59:24 ] [var/ezdemo_site/cache/translation/116c467d302d69cc1951896fc44b1880/fre-FR/14a902e45279ab7b6b774cd24b38746d.php]
[ May 21 2016 10:59:24 ] [var/ezdemo_site/cache/translation/116c467d302d69cc1951896fc44b1880/fre-FR/445b99ed4d07efffac3691419ad1aeb2.php]
[ May 21 2016 10:59:24 ] [var/ezdemo_site/cache/translation/116c467d302d69cc1951896fc44b1880/fre-FR/6355065f91669e4011988d309679dc0b.php]
[ May 21 2016 10:59:24 ] [var/ezdemo_site/cache/translation/116c467d302d69cc1951896fc44b1880/fre-FR/9b77809286b0ac1a6b9bfcb8d2ceef2a.php]
[ May 21 2016 10:59:24 ] [var/ezdemo_site/cache/translation/116c467d302d69cc1951896fc44b1880/fre-FR/dcea424ddb471fccfe1872c6803581df.php]
[ May 21 2016 10:59:24 ] [var/ezdemo_site/cache/translation/116c467d302d69cc1951896fc44b1880/fre-FR/6430ca4bbe0aba7860d0ca9c1adc9b01.php]
[ May 21 2016 10:59:24 ] [var/ezdemo_site/cache/translation/116c467d302d69cc1951896fc44b1880/fre-FR/5cc9a30e61e9081a478bb268e9073d12.php]
[ May 21 2016 10:59:24 ] [var/ezdemo_site/cache/translation/116c467d302d69cc1951896fc44b1880/fre-FR/6a265c9a68e465c506c17646ea413184.php]
[ May 21 2016 10:59:24 ] [var/ezdemo_site/cache/translation/116c467d302d69cc1951896fc44b1880/fre-FR/a4fab7ea2b6b9b45f2a01a5db01a8692.php]
[ May 21 2016 10:59:24 ] [var/ezdemo_site/cache/translation/116c467d302d69cc1951896fc44b1880/fre-FR/95f07856a1ac3356f3fd6d3e85686fb5.php]
[ May 21 2016 10:59:24 ] [var/ezdemo_site/cache/translation/116c467d302d69cc1951896fc44b1880/fre-FR/00d6e6de6bc12ae81b33e16f5de104af.php]
[ May 21 2016 10:59:24 ] [var/ezdemo_site/cache/translation/116c467d302d69cc1951896fc44b1880/fre-FR/b9d87780638afc8f8987d85243961564.php]
[ May 21 2016 10:59:24 ] [var/ezdemo_site/cache/translation/116c467d302d69cc1951896fc44b1880/fre-FR/4c8b8673dc7e668abc27065deef45c12.php]
[ May 21 2016 10:59:24 ] [var/ezdemo_site/cache/translation/116c467d302d69cc1951896fc44b1880/fre-FR/dc7a1d8090d7eda1a31ea120ccbe7be8.php]
[ May 21 2016 10:59:24 ] [var/ezdemo_site/cache/translation/116c467d302d69cc1951896fc44b1880/fre-FR/33463e2326c342ac2aceb73ade57b2a7.php]
[ May 21 2016 10:59:24 ] [var/ezdemo_site/cache/translation/116c467d302d69cc1951896fc44b1880/fre-FR/968246bf5c20b460bb7c993d87177406.php]
[ May 21 2016 10:59:24 ] [var/ezdemo_site/cache/translation/116c467d302d69cc1951896fc44b1880/fre-FR/beb1ed5dc93e7871cffdc71670a0af92.php]
[ May 21 2016 10:59:24 ] [var/ezdemo_site/cache/translation/116c467d302d69cc1951896fc44b1880/fre-FR/28b4fba28bc6cadeb09cde65753ac2a7.php]
[ May 21 2016 10:59:24 ] [var/ezdemo_site/cache/translation/116c467d302d69cc1951896fc44b1880/fre-FR/db62a7697f919239afe21d1046bdab0e.php]
[ May 21 2016 10:59:24 ] [var/ezdemo_site/cache/translation/116c467d302d69cc1951896fc44b1880/fre-FR/0f799ddc90523aeff6718df8b8602e59.php]
[ May 21 2016 10:59:24 ] [var/ezdemo_site/cache/translation/116c467d302d69cc1951896fc44b1880/fre-FR/10ba4473e7efd5151d6850768be26a40.php]
[ May 21 2016 10:59:24 ] [var/ezdemo_site/cache/translation/116c467d302d69cc1951896fc44b1880/fre-FR/2cfd3f864d89b32886a927d26fe0164a.php]
[ May 21 2016 10:59:24 ] [var/ezdemo_site/cache/translation/116c467d302d69cc1951896fc44b1880/fre-FR/a1913b555e25addd231ad19b668ff33e.php]
[ May 21 2016 10:59:24 ] [var/ezdemo_site/cache/translation/116c467d302d69cc1951896fc44b1880/fre-FR/1fee367d5278db210a1438ff40ad5335.php]
[ May 21 2016 10:59:24 ] [var/ezdemo_site/cache/translation/116c467d302d69cc1951896fc44b1880/fre-FR/161bdd46f8254b65995f2038e5b5f519.php]
[ May 21 2016 10:59:24 ] [var/ezdemo_site/cache/translation/116c467d302d69cc1951896fc44b1880/fre-FR/a2a063f57977a0bba74f56982d64741d.php]
[ May 21 2016 10:59:24 ] [var/ezdemo_site/cache/translation/116c467d302d69cc1951896fc44b1880/fre-FR/3272ed5d651c128b27c948712c685e67.php]
[ May 21 2016 10:59:24 ] [var/ezdemo_site/cache/translation/116c467d302d69cc1951896fc44b1880/fre-FR/d748236144a3b439f39ed8280949c316.php]
[ May 21 2016 10:59:24 ] [var/ezdemo_site/cache/translation/116c467d302d69cc1951896fc44b1880/fre-FR/089bcf35761f9d14da3bf215e8b739e5.php]
[ May 21 2016 10:59:24 ] [var/ezdemo_site/cache/translation/116c467d302d69cc1951896fc44b1880/fre-FR/3641f8fd21f5ea5a0ee4543a1adcae02.php]
[ May 21 2016 10:59:24 ] [var/ezdemo_site/cache/translation/116c467d302d69cc1951896fc44b1880/fre-FR/e6cd2d7944254f0404b6665c3482b8c4.php]
[ May 21 2016 10:59:24 ] [var/ezdemo_site/cache/translation/116c467d302d69cc1951896fc44b1880/fre-FR/1cefdec17a60caf397cbbe3031a25dc7.php]
[ May 21 2016 10:59:24 ] [var/ezdemo_site/cache/translation/116c467d302d69cc1951896fc44b1880/fre-FR/34685dd63ce62833dd21a25651493770.php]
[ May 21 2016 10:59:24 ] [var/ezdemo_site/cache/translation/116c467d302d69cc1951896fc44b1880/fre-FR/8c1e67c4a555b4fb8c00c8764eab27de.php]
[ May 21 2016 10:59:24 ] [var/ezdemo_site/cache/translation/116c467d302d69cc1951896fc44b1880/fre-FR/5192c971579d86aa9d3d3b6d17f5bf65.php]
[ May 21 2016 10:59:24 ] [var/ezdemo_site/cache/translation/116c467d302d69cc1951896fc44b1880/fre-FR/70b3432bdfa484f38e093fa2c0098041.php]
[ May 21 2016 10:59:24 ] [var/ezdemo_site/cache/translation/116c467d302d69cc1951896fc44b1880/fre-FR/4718a95a6b206e3f879ccb4852cd5da6.php]
[ May 21 2016 10:59:24 ] [var/ezdemo_site/cache/translation/116c467d302d69cc1951896fc44b1880/fre-FR/2647dff7d0ac289c8fe87d8fd4585bb4.php]
[ May 21 2016 10:59:24 ] [var/ezdemo_site/cache/translation/116c467d302d69cc1951896fc44b1880/fre-FR/72affda06539728309302c66794e4d2d.php]
[ May 21 2016 10:59:24 ] [var/ezdemo_site/cache/translation/116c467d302d69cc1951896fc44b1880/fre-FR/d7b57ad539147e9a2ef24645a5095b87.php]
[ May 21 2016 10:59:24 ] [var/ezdemo_site/cache/translation/116c467d302d69cc1951896fc44b1880/fre-FR/fd53c2169b54d0c69a319a832f628659.php]
[ May 21 2016 10:59:24 ] [var/ezdemo_site/cache/translation/116c467d302d69cc1951896fc44b1880/fre-FR/d8d5e89fb802eb1bd545dff2695e8bfd.php]
[ May 21 2016 10:59:24 ] [var/ezdemo_site/cache/translation/116c467d302d69cc1951896fc44b1880/fre-FR/bb6b8854d319b2cbc559e4478733b4a5.php]
[ May 21 2016 10:59:24 ] [var/ezdemo_site/cache/translation/116c467d302d69cc1951896fc44b1880/fre-FR/d5538c83f0e74512017ec19e452d5089.php]
[ May 21 2016 10:59:24 ] [var/ezdemo_site/cache/translation/116c467d302d69cc1951896fc44b1880/fre-FR/af84436212e67f6fe801c599a3b4ddf6.php]
[ May 21 2016 10:59:24 ] [var/ezdemo_site/cache/translation/116c467d302d69cc1951896fc44b1880/fre-FR/30a33a2e660c3e5550523c0ac5b32737.php]
[ May 21 2016 10:59:24 ] [var/ezdemo_site/cache/translation/116c467d302d69cc1951896fc44b1880/fre-FR/edd776d1a7f0f270e2bdce195b8082d8.php]
[ May 21 2016 10:59:24 ] [var/ezdemo_site/cache/translation/116c467d302d69cc1951896fc44b1880/fre-FR/ebdc70c82e27fd629e9750b30626933b.php]
[ May 21 2016 10:59:24 ] [var/ezdemo_site/cache/translation/116c467d302d69cc1951896fc44b1880/fre-FR/8f585042e53f711b7a34951df6640c7c.php]
[ May 21 2016 10:59:24 ] [var/ezdemo_site/cache/translation/116c467d302d69cc1951896fc44b1880/fre-FR/4e504003d13c9a4e6bc039c162d2f685.php]
[ May 21 2016 10:59:24 ] [var/ezdemo_site/cache/translation/116c467d302d69cc1951896fc44b1880/fre-FR/3333b8fb6c232f20ece6f18eddacc864.php]
[ May 21 2016 10:59:24 ] [var/ezdemo_site/cache/translation/116c467d302d69cc1951896fc44b1880/fre-FR/5c6ea73626f6468a1d3b6b183fea2319.php]
[ May 21 2016 10:59:24 ] [var/ezdemo_site/cache/translation/116c467d302d69cc1951896fc44b1880/fre-FR/e797efd859b7ac891cc2b889e3b82aed.php]
[ May 21 2016 10:59:24 ] [var/ezdemo_site/cache/translation/116c467d302d69cc1951896fc44b1880/fre-FR/3ee7fad5c97f03fe472f0d3eef51edf4.php]
[ May 21 2016 10:59:24 ] [var/ezdemo_site/cache/translation/116c467d302d69cc1951896fc44b1880/fre-FR/8889cf16ff7958f02525d08cd9d9d273.php]
[ May 21 2016 10:59:24 ] [var/ezdemo_site/cache/translation/116c467d302d69cc1951896fc44b1880/fre-FR/53767baab49bd6a72e518a2c2312ae15.php]
[ May 21 2016 10:59:24 ] [var/ezdemo_site/cache/translation/116c467d302d69cc1951896fc44b1880/fre-FR/261fd0037c3525fe288e987bf7fbb615.php]
[ May 21 2016 10:59:24 ] [var/ezdemo_site/cache/translation/116c467d302d69cc1951896fc44b1880/fre-FR/a93a77f4f79e80700ef510b0140aed35.php]
[ May 21 2016 10:59:24 ] [var/ezdemo_site/cache/translation/116c467d302d69cc1951896fc44b1880/fre-FR/50dac6c253eb3727e7c57e93f484e675.php]
[ May 21 2016 10:59:24 ] [var/ezdemo_site/cache/translation/116c467d302d69cc1951896fc44b1880/fre-FR/d90026088732561e4b3caad6e8e3dc3a.php]
[ May 21 2016 10:59:24 ] [var/ezdemo_site/cache/translation/116c467d302d69cc1951896fc44b1880/fre-FR/e72f3cc30a228fb878abba3a8b2a6416.php]
[ May 21 2016 10:59:24 ] [var/ezdemo_site/cache/translation/116c467d302d69cc1951896fc44b1880/fre-FR/998021627b6873359f7c8a097e60faa5.php]
[ May 21 2016 10:59:24 ] [var/ezdemo_site/cache/translation/116c467d302d69cc1951896fc44b1880/fre-FR/fbdb2a687779b8979874a4e5c2e6ddd9.php]
[ May 21 2016 10:59:25 ] [/var/www/manager2/ezpublish_legacy/lib/ezutils/classes/../../../var/cache/ini/content-d79ba3ca2b3c6c9f7fa608f2350a1fa7.php]
[ May 21 2016 10:59:25 ] [/var/www/manager2/ezpublish_legacy/lib/ezutils/classes/../../../var/cache/ini/workflow-4c28f559fdbf07da6546f1c2e48e0e33.php]
[ May 21 2016 10:59:25 ] [/var/www/manager2/ezpublish_legacy/lib/ezutils/classes/../../../var/cache/ini/override-d48099c80c8e1c83d85581bfc25819fa.php]
[ May 21 2016 10:59:25 ] [/var/www/manager2/ezpublish_legacy/lib/ezutils/classes/../../../var/cache/ini/design-8791c75da33bc66511706e14041e257a.php]
[ May 21 2016 10:59:25 ] [var/ezdemo_site/cache/override/override_03de537619cda9277f9813803d09d301.php]
[ May 21 2016 10:59:25 ] [var/ezdemo_site/cache/template/compiled/common.php]
[ May 21 2016 10:59:25 ] [var/ezdemo_site/cache/template/compiled/landing_page-00560f15843623a34ebf5489e040d71f.php]
[ May 21 2016 10:59:25 ] [var/ezdemo_site/cache/template/compiled/ezpage-b7b393166379b6f2fa1cb2ac04403e55.php]
[ May 21 2016 10:59:25 ] [/var/www/manager2/ezpublish_legacy/lib/ezutils/classes/../../../var/cache/ini/zone-60fa94df046f2e16692424617cad3045.php]
[ May 21 2016 10:59:25 ] [var/ezdemo_site/cache/template/compiled/2zoneslayout1-13c895b1b233168f85fd16f01f23f973.php]
[ May 21 2016 10:59:25 ] [var/ezdemo_site/cache/template/compiled/zone_block-7a97ea5a7a62ecf708642a9ba31d1676.php]
[ May 21 2016 10:59:25 ] [var/ezdemo_site/cache/template/compiled/zone_block_top-404c1596f8a4cb083be98fd73d99f385.php]
[ May 21 2016 10:59:25 ] [/var/www/manager2/ezpublish_legacy/lib/ezutils/classes/../../../var/cache/ini/block-dcab9e42539cbb291b6a4da404a81b75.php]
[ May 21 2016 10:59:25 ] [var/ezdemo_site/cache/template/compiled/campaign-1a593f15fb387a8c9d536477e3631849.php]
[ May 21 2016 10:59:25 ] [var/ezdemo_site/cache/template/compiled/article-2d6b4083e0bb829aea28b7e1e8381cba.php]
[ May 21 2016 10:59:25 ] [/var/www/manager2/ezpublish_legacy/lib/ezutils/classes/../../../var/cache/ini/image-2a8fc398a34ee710a9659ef2858f1200.php]
[ May 21 2016 10:59:25 ] [/var/www/manager2/ezpublish_legacy/lib/ezutils/classes/../../../var/cache/ini/mime-a5f13fbd1e9881c1fe8be18690a39d21.php]
[ May 21 2016 10:59:26 ] [/var/www/manager2/ezpublish_legacy/lib/ezutils/classes/../../../var/cache/ini/ezxml-ed0489e46f8eae81cfb2f7a0b5f45c27.php]
[ May 21 2016 10:59:27 ] [var/ezdemo_site/cache/template/compiled/ezxmltext-8f96045de256574e57bcec6c0b67784e.php]
[ May 21 2016 10:59:27 ] [var/ezdemo_site/cache/template/compiled/line-5601ebb775bbdcfc9fe1ddf18f9de671.php]
[ May 21 2016 10:59:27 ] [var/ezdemo_site/cache/template/compiled/paragraph-e4dd97d303de17a1942d89ecf7dad671.php]
[ May 21 2016 10:59:27 ] [var/ezdemo_site/cache/template/compiled/zone_block_bottom-021b89c36f966b838549903d2d594cb3.php]
[ May 21 2016 10:59:27 ] [var/ezdemo_site/cache/template/compiled/content_grid_2cols_2rows-174e7cbde3cf1a17446b8d09056e1922.php]
[ May 21 2016 10:59:27 ] [var/ezdemo_site/cache/template/compiled/article-9fcc4435a469086f4e2d50d6eebabedd.php]
[ May 21 2016 10:59:27 ] [var/ezdemo_site/cache/classidentifiers_8df5127cd164b5bc2d2b78410a7eea0c.php]
[ May 21 2016 10:59:27 ] [var/ezdemo_site/cache/template/compiled/ezimage-d3898c79b90b6afdd755e6762fd67c85.php]
[ May 21 2016 10:59:27 ] [var/ezdemo_site/cache/template/compiled/gallery-7fd3816eb71690b35b4cd631751891f6.php]
[ May 21 2016 10:59:27 ] [var/ezdemo_site/cache/template/compiled/gallery_viewer-c83ca891c098750d5aff1dc220f63a79.php]
[ May 21 2016 10:59:28 ] [var/ezdemo_site/cache/template/compiled/link-022f76679fae2b90c16a1b5db65cbf6a.php]
[ May 21 2016 10:59:28 ] [var/ezdemo_site/cache/template/compiled/gallery_item-71778e1bfc288c924cc091ac0e05adb7.php]
[ May 21 2016 10:59:33 ] [var/ezdemo_site/cache/template/compiled/content_grid_1col_2rows-b8f6391913a76b5735e6b68cb4183a3f.php]
[ May 21 2016 10:59:33 ] [var/ezdemo_site/cache/template/compiled/call_to_action-9c6d0702ad48e6eec6a2b90257c48d30.php]
[ May 21 2016 10:59:33 ] [var/ezdemo_site/cache/template/compiled/product-222b245282775d5aa6ab157bd589db35.php]
[ May 21 2016 10:59:33 ] [var/ezdemo_site/cache/template/compiled/feed_reader-8e6e2c8f43d82fb3e64aaa2e425bb0df.php]
[ May 21 2016 10:59:35 ] [var/ezdemo_site/cache/template/compiled/video-04cf70536674c77c9fcebbd57f3b2888.php]
[ May 21 2016 10:59:35 ] [var/ezdemo_site/cache/template/compiled/tag_cloud-1f808e1c1a4def45e669494ad18d0759.php]
[ May 21 2016 10:59:35 ] [var/ezdemo_site/cache/template/compiled/tagcloud-227d7b7b68e820cb7a6d5f89ac15272b.php]
[ May 21 2016 10:59:35 ] [/var/www/manager2/ezpublish_legacy/lib/ezutils/classes/../../../var/cache/ini/menu-e0de8ecd50fdc045bd3b922f26809ae9.php]
[ May 21 2016 10:59:35 ] [var/ezdemo_site/cache/template/compiled/pagelayout-a08484be57df151cad96cfff7de43a3f.php]
[ May 21 2016 10:59:35 ] [var/ezdemo_site/cache/template/compiled/page_head_displaystyles-5c61861cfa0299a4bdf1c9c623781a64.php]
[ May 21 2016 10:59:36 ] [/var/www/manager2/ezpublish_legacy/lib/ezutils/classes/../../../var/cache/ini/eng-GB-af9d6896e8690010f8b5119206fa3322.php]
[ May 21 2016 10:59:36 ] [var/ezdemo_site/cache/template/compiled/page_head-aa12706244bb40daf25dde4be0088f5a.php]
[ May 21 2016 10:59:36 ] [var/ezdemo_site/cache/template/compiled/canonical_link-9ae3745ef003ff156182c0b25cf40b6a.php]
[ May 21 2016 10:59:36 ] [var/ezdemo_site/cache/template/compiled/link-8f359e93aa8feb35db04dafa4bcb071b.php]
[ May 21 2016 10:59:36 ] [var/ezdemo_site/cache/template/compiled/page_head_style-bb3a40730c98467d582bc3ee6a730602.php]
[ May 21 2016 10:59:36 ] [/var/www/manager2/ezpublish_legacy/lib/ezutils/classes/../../../var/cache/ini/ezjscore-6f070dc63626f17f2614ec75ecf9af6b.php]
[ May 21 2016 10:59:36 ] [var/ezdemo_site/cache/template/compiled/page_head_script-1ab21d547856c5feeb7f078a08b0d1f5.php]
[ May 21 2016 10:59:36 ] [var/ezdemo_site/cache/template/compiled/page_header-cfa9cf5653a7e6a0f45ef8edc300c513.php]
[ May 21 2016 10:59:36 ] [var/ezdemo_site/cache/template/compiled/page_header_languages-d948039ddb0ef02ddb08ea25d62a3de5.php]
[ May 21 2016 10:59:36 ] [var/ezdemo_site/cache/template/compiled/page_header_links-6475e5fbac32eccd2d939b68634864b8.php]
[ May 21 2016 10:59:36 ] [var/ezdemo_site/cache/template/compiled/page_header_logo-793bdf4cfd4d73eddbf4dad18c5732d0.php]
[ May 21 2016 10:59:36 ] [var/ezdemo_site/cache/template/compiled/page_header_searchbox-545c803698da0710b0927f99d092f39f.php]
[ May 21 2016 10:59:36 ] [var/ezdemo_site/cache/template/compiled/page_topmenu-0885458d44fba8304b7179811ac63c5c.php]
[ May 21 2016 10:59:36 ] [var/ezdemo_site/cache/template/compiled/double_top-2ef06382a9464c1b904814288684bfb5.php]
[ May 21 2016 10:59:36 ] [var/ezdemo_site/cache/template/compiled/page_toppath-0cc01eb5bcb2b4df1214e954738c6def.php]
[ May 21 2016 10:59:36 ] [var/ezdemo_site/cache/template/compiled/path-301be16bcb9b0312831a0656837ac4d5.php]
[ May 21 2016 10:59:36 ] [var/ezdemo_site/cache/template/compiled/page_mainarea-76185b2d64ad81449605dd64b1c874c6.php]
[ May 21 2016 10:59:36 ] [var/ezdemo_site/cache/template/compiled/page_footer-582fe6173296ede4be0318fb635a0589.php]
[ May 21 2016 10:59:36 ] [var/ezdemo_site/cache/template/compiled/address-9a395a54c2c5a89067fe73fe491d10f3.php]
[ May 21 2016 10:59:36 ] [var/ezdemo_site/cache/template/compiled/latest_news-a080627f7ad80d4cbe50bf57c2bd45bc.php]
[ May 21 2016 10:59:36 ] [var/ezdemo_site/cache/template/compiled/links-a77970fdc253c9827a48c594ba5acc2c.php]
[ May 21 2016 10:59:36 ] [var/ezdemo_site/cache/template/compiled/li-4ebee2410d0bed74f86cfa69844e2bd2.php]
[ May 21 2016 10:59:36 ] [var/ezdemo_site/cache/template/compiled/ul-2cb5cc5de6ed26d9dcf52c3751b1eb97.php]
[ May 21 2016 10:59:36 ] [var/ezdemo_site/cache/template/compiled/page_footer_script-b2c173b0b9ac9c990fb4ce167aef712a.php]
[ May 21 2016 10:59:42 ] [/var/www/manager2/ezpublish_legacy/lib/ezutils/classes/../../../var/cache/ini/mime-3e282672d71c09e738bd74123b2dfd42.php]
[ May 21 2016 10:59:48 ] [/var/www/manager2/ezpublish_legacy/lib/ezutils/classes/../../../var/cache/ini/menu-7b3c8c06883576f5b164abd4926c0708.php]
[ May 21 2016 10:59:48 ] [/var/www/manager2/ezpublish_legacy/lib/ezutils/classes/../../../var/cache/ini/design-aaf66b28c9f70897cbf04651aea7bada.php]
[ May 21 2016 10:59:49 ] [/var/www/manager2/ezpublish_legacy/lib/ezutils/classes/../../../var/cache/ini/eng-GB-51de281eaab7197c8bb87245c6c4e8c2.php]
[ May 21 2016 10:59:49 ] [/var/www/manager2/ezpublish_legacy/lib/ezutils/classes/../../../var/cache/ini/ezjscore-3ea35488e30cad5def69b5d27e0f8213.php]
[ May 21 2016 10:59:49 ] [/var/www/manager2/ezpublish_legacy/lib/ezutils/classes/../../../var/cache/ini/ezxml-adebc372720936336825fb78ec88f8a5.php]
